#
# There is insufficient memory for the Java Runtime Environment to continue.
# Native memory allocation (mmap) failed to map 65536 bytes for Failed to commit metaspace.
# Possible reasons:
#   The system is out of physical RAM or swap space
#   The process is running with CompressedOops enabled, and the Java Heap may be blocking the growth of the native heap
# Possible solutions:
#   Reduce memory load on the system
#   Increase physical memory or swap space
#   Check if swap backing store is full
#   Decrease Java heap size (-Xmx/-Xms)
#   Decrease number of Java threads
#   Decrease Java thread stack sizes (-Xss)
#   Set larger code cache with -XX:ReservedCodeCacheSize=
#   JVM is running with Unscaled Compressed Oops mode in which the Java heap is
#     placed in the first 4GB address space. The Java Heap base address is the
#     maximum limit for the native heap growth. Please use -XX:HeapBaseMinAddress
#     to set the Java Heap base and to place the Java Heap above 4GB virtual address.
# This output file may be truncated or incomplete.
#
#  Out of Memory Error (virtualSpaceNode.cpp:110), pid=28452, tid=34696
#
# JRE version: Java(TM) SE Runtime Environment (19.0.2+7) (build 19.0.2+7-44)
# Java VM: Java HotSpot(TM) 64-Bit Server VM (19.0.2+7-44, mixed mode, sharing, tiered, compressed oops, compressed class ptrs, g1 gc, windows-amd64)
# No core dump will be written. Minidumps are not enabled by default on client versions of Windows
#

---------------  S U M M A R Y ------------

Command Line: -Dfile.encoding=UTF-8 -Dstdout.encoding=UTF-8 -Dstderr.encoding=UTF-8 -XX:+ShowCodeDetailsInExceptionMessages login.view_login

Host: AMD Ryzen 5 5500U with Radeon Graphics         , 12 cores, 7G,  Windows 11 , 64 bit Build 22621 (10.0.22621.2506)
Time: Mon Jan 22 12:08:34 2024 SE Asia Standard Time elapsed time: 0.873764 seconds (0d 0h 0m 0s)

---------------  T H R E A D  ---------------

Current thread (0x000001a7d9bb5d90):  JavaThread "main" [_thread_in_vm, id=34696, stack(0x0000001279200000,0x0000001279300000)]

Stack: [0x0000001279200000,0x0000001279300000]
Native frames: (J=compiled Java code, j=interpreted, Vv=VM code, C=native code)
V  [jvm.dll+0x6ee21a]
V  [jvm.dll+0x85765e]
V  [jvm.dll+0x85904e]
V  [jvm.dll+0x859703]
V  [jvm.dll+0x28298f]
V  [jvm.dll+0x8532db]
V  [jvm.dll+0x692cb6]
V  [jvm.dll+0x692d1a]
V  [jvm.dll+0x695613]
V  [jvm.dll+0x6954de]
V  [jvm.dll+0x6936de]
V  [jvm.dll+0x69dd07]
V  [jvm.dll+0x21e072]
V  [jvm.dll+0x21e5a5]
V  [jvm.dll+0x21ef01]
V  [jvm.dll+0x2146a1]
V  [jvm.dll+0x5a9cb6]
V  [jvm.dll+0x2257aa]
V  [jvm.dll+0x7cc802]
V  [jvm.dll+0x7cdc4a]
V  [jvm.dll+0x7cdf78]
V  [jvm.dll+0x271e1b]
V  [jvm.dll+0x3da25e]
C  0x000001a7e906d31d

Java frames: (J=compiled Java code, j=interpreted, Vv=VM code)
j  sun.java2d.SunGraphics2D.<clinit>()V+16 java.desktop@19.0.2
v  ~StubRoutines::call_stub 0x000001a7e904100e
j  sun.java2d.loops.GraphicsPrimitiveMgr.initIDs(Ljava/lang/Class;Ljava/lang/Class;Ljava/lang/Class;Ljava/lang/Class;Ljava/lang/Class;Ljava/lang/Class;Ljava/lang/Class;Ljava/lang/Class;Ljava/lang/Class;Ljava/lang/Class;Ljava/lang/Class;)V+0 java.desktop@19.0.2
j  sun.java2d.loops.GraphicsPrimitiveMgr.<clinit>()V+26 java.desktop@19.0.2
v  ~StubRoutines::call_stub 0x000001a7e904100e
j  sun.java2d.loops.Blit.<clinit>()V+36 java.desktop@19.0.2
v  ~StubRoutines::call_stub 0x000001a7e904100e
j  sun.java2d.windows.GDIWindowSurfaceData.<clinit>()V+72 java.desktop@19.0.2
v  ~StubRoutines::call_stub 0x000001a7e904100e
j  sun.awt.Win32GraphicsConfig.createSurfaceData(Lsun/awt/windows/WComponentPeer;I)Lsun/java2d/SurfaceData;+1 java.desktop@19.0.2
j  sun.java2d.ScreenUpdateManager.createScreenSurface(Lsun/awt/Win32GraphicsConfig;Lsun/awt/windows/WComponentPeer;IZ)Lsun/java2d/SurfaceData;+3 java.desktop@19.0.2
j  sun.java2d.d3d.D3DScreenUpdateManager.createScreenSurface(Lsun/awt/Win32GraphicsConfig;Lsun/awt/windows/WComponentPeer;IZ)Lsun/java2d/SurfaceData;+20 java.desktop@19.0.2
j  sun.awt.windows.WComponentPeer.createScreenSurface(Z)V+21 java.desktop@19.0.2
j  sun.awt.windows.WComponentPeer.<init>(Ljava/awt/Component;)V+79 java.desktop@19.0.2
j  sun.awt.windows.WCanvasPeer.<init>(Ljava/awt/Component;)V+2 java.desktop@19.0.2
j  sun.awt.windows.WPanelPeer.<init>(Ljava/awt/Component;)V+2 java.desktop@19.0.2
j  sun.awt.windows.WWindowPeer.<init>(Ljava/awt/Window;)V+2 java.desktop@19.0.2
j  sun.awt.windows.WFramePeer.<init>(Ljava/awt/Frame;)V+2 java.desktop@19.0.2
j  sun.awt.windows.WToolkit.createFrame(Ljava/awt/Frame;)Ljava/awt/peer/FramePeer;+5 java.desktop@19.0.2
j  java.awt.Frame.addNotify()V+20 java.desktop@19.0.2
j  java.awt.Window.show()V+8 java.desktop@19.0.2
j  java.awt.Component.show(Z)V+5 java.desktop@19.0.2
j  java.awt.Component.setVisible(Z)V+2 java.desktop@19.0.2
j  java.awt.Window.setVisible(Z)V+2 java.desktop@19.0.2
j  login.view_login.<init>()V+721
j  login.view_login.main([Ljava/lang/String;)V+3
v  ~StubRoutines::call_stub 0x000001a7e904100e

---------------  P R O C E S S  ---------------

Threads class SMR info:
_java_thread_list=0x000001a7fd42adc0, length=18, elements={
0x000001a7d9bb5d90, 0x000001a7f829f640, 0x000001a7f82a0c50, 0x000001a7f82a47b0,
0x000001a7f82a7370, 0x000001a7f82a82b0, 0x000001a7f82b4500, 0x000001a7f82ba5b0,
0x000001a7f82bcb40, 0x000001a7f82cd8c0, 0x000001a7fc502840, 0x000001a7fc529a30,
0x000001a7fc71ef60, 0x000001a7fc71f830, 0x000001a7fc74cc50, 0x000001a7fd3f8890,
0x000001a7fd4be2b0, 0x000001a7fd48d500
}

Java Threads: ( => current thread )
=>0x000001a7d9bb5d90 JavaThread "main" [_thread_in_vm, id=34696, stack(0x0000001279200000,0x0000001279300000)]
  0x000001a7f829f640 JavaThread "Reference Handler" daemon [_thread_blocked, id=11840, stack(0x0000001279900000,0x0000001279a00000)]
  0x000001a7f82a0c50 JavaThread "Finalizer" daemon [_thread_blocked, id=9560, stack(0x0000001279a00000,0x0000001279b00000)]
  0x000001a7f82a47b0 JavaThread "Signal Dispatcher" daemon [_thread_blocked, id=35396, stack(0x0000001279b00000,0x0000001279c00000)]
  0x000001a7f82a7370 JavaThread "Attach Listener" daemon [_thread_blocked, id=23072, stack(0x0000001279c00000,0x0000001279d00000)]
  0x000001a7f82a82b0 JavaThread "Service Thread" daemon [_thread_blocked, id=25564, stack(0x0000001279d00000,0x0000001279e00000)]
  0x000001a7f82b4500 JavaThread "Monitor Deflation Thread" daemon [_thread_blocked, id=4784, stack(0x0000001279e00000,0x0000001279f00000)]
  0x000001a7f82ba5b0 JavaThread "C2 CompilerThread0" daemon [_thread_blocked, id=23812, stack(0x0000001279f00000,0x000000127a000000)]
  0x000001a7f82bcb40 JavaThread "C1 CompilerThread0" daemon [_thread_blocked, id=30040, stack(0x000000127a000000,0x000000127a100000)]
  0x000001a7f82cd8c0 JavaThread "Sweeper thread" daemon [_thread_blocked, id=10868, stack(0x000000127a100000,0x000000127a200000)]
  0x000001a7fc502840 JavaThread "Notification Thread" daemon [_thread_blocked, id=5020, stack(0x000000127a200000,0x000000127a300000)]
  0x000001a7fc529a30 JavaThread "Common-Cleaner" daemon [_thread_blocked, id=9728, stack(0x000000127a400000,0x000000127a500000)]
  0x000001a7fc71ef60 JavaThread "Java2D Disposer" daemon [_thread_blocked, id=6256, stack(0x000000127a500000,0x000000127a600000)]
  0x000001a7fc71f830 JavaThread "AWT-Shutdown" [_thread_blocked, id=29800, stack(0x000000127a600000,0x000000127a700000)]
  0x000001a7fc74cc50 JavaThread "AWT-Windows" daemon [_thread_in_native, id=23872, stack(0x000000127a700000,0x000000127a800000)]
  0x000001a7fd3f8890 JavaThread "Image Fetcher 0" daemon [_thread_blocked, id=29640, stack(0x000000127a800000,0x000000127a900000)]
  0x000001a7fd4be2b0 JavaThread "C2 CompilerThread1" daemon [_thread_blocked, id=11728, stack(0x000000127a900000,0x000000127aa00000)]
  0x000001a7fd48d500 JavaThread "AWT-EventQueue-0" [_thread_blocked, id=5432, stack(0x000000127aa00000,0x000000127ab00000)]

Other Threads:
  0x000001a7f8289ae0 VMThread "VM Thread" [stack: 0x0000001279800000,0x0000001279900000] [id=33316]
  0x000001a7fc5251b0 WatcherThread "VM Periodic Task Thread" [stack: 0x000000127a300000,0x000000127a400000] [id=15756]
  0x000001a7d9c122f0 WorkerThread "GC Thread#0" [stack: 0x0000001279300000,0x0000001279400000] [id=12652]
  0x000001a7d9c22db0 ConcurrentGCThread "G1 Main Marker" [stack: 0x0000001279400000,0x0000001279500000] [id=35204]
  0x000001a7d9c236f0 WorkerThread "G1 Conc#0" [stack: 0x0000001279500000,0x0000001279600000] [id=25832]
  0x000001a7d9c6e710 ConcurrentGCThread "G1 Refine#0" [stack: 0x0000001279600000,0x0000001279700000] [id=29116]
  0x000001a7f81462e0 ConcurrentGCThread "G1 Service" [stack: 0x0000001279700000,0x0000001279800000] [id=34548]

Threads with active compile tasks:

VM state: not at safepoint (normal execution)

VM Mutex/Monitor currently owned by a thread:  ([mutex/lock_event])
[0x000001a7d9bae7c0] Metaspace_lock - owner thread: 0x000001a7d9bb5d90

Heap address: 0x000000008a800000, size: 1880 MB, Compressed Oops mode: 32-bit

CDS archive(s) mapped at: [0x0000000800000000-0x0000000800c40000-0x0000000800c40000), size 12845056, SharedBaseAddress: 0x0000000800000000, ArchiveRelocationMode: 0.
Compressed class space mapped at: 0x0000000801000000-0x0000000841000000, reserved size: 1073741824
Narrow klass base: 0x0000000800000000, Narrow klass shift: 0, Narrow klass range: 0x100000000

GC Precious Log:
 CardTable entry size: 512
 Card Set container configuration: InlinePtr #cards 5 size 8 Array Of Cards #cards 12 size 40 Howl #buckets 4 coarsen threshold 1843 Howl Bitmap #cards 512 size 80 coarsen threshold 460 Card regions per heap region 1 cards per card region 2048
 CPUs: 12 total, 12 available
 Memory: 7514M
 Large Page Support: Disabled
 NUMA Support: Disabled
 Compressed Oops: Enabled (32-bit)
 Heap Region Size: 1M
 Heap Min Capacity: 8M
 Heap Initial Capacity: 118M
 Heap Max Capacity: 1880M
 Pre-touch: Disabled
 Parallel Workers: 10
 Concurrent Workers: 3
 Concurrent Refinement Workers: 10
 Periodic GC: Disabled

Heap:
 garbage-first heap   total 120832K, used 7168K [0x000000008a800000, 0x0000000100000000)
  region size 1024K, 9 young (9216K), 0 survivors (0K)
 Metaspace       used 6585K, committed 6784K, reserved 1114112K
  class space    used 727K, committed 832K, reserved 1048576K

Heap Regions: E=young(eden), S=young(survivor), O=old, HS=humongous(starts), HC=humongous(continues), CS=collection set, F=free, OA=open archive, CA=closed archive, TAMS=top-at-mark-start (previous, next)
|   0|0x000000008a800000, 0x000000008a800000, 0x000000008a900000|  0%| F|  |TAMS 0x000000008a800000, 0x000000008a800000| Untracked 
|   1|0x000000008a900000, 0x000000008a900000, 0x000000008aa00000|  0%| F|  |TAMS 0x000000008a900000, 0x000000008a900000| Untracked 
|   2|0x000000008aa00000, 0x000000008aa00000, 0x000000008ab00000|  0%| F|  |TAMS 0x000000008aa00000, 0x000000008aa00000| Untracked 
|   3|0x000000008ab00000, 0x000000008ab00000, 0x000000008ac00000|  0%| F|  |TAMS 0x000000008ab00000, 0x000000008ab00000| Untracked 
|   4|0x000000008ac00000, 0x000000008ac00000, 0x000000008ad00000|  0%| F|  |TAMS 0x000000008ac00000, 0x000000008ac00000| Untracked 
|   5|0x000000008ad00000, 0x000000008ad00000, 0x000000008ae00000|  0%| F|  |TAMS 0x000000008ad00000, 0x000000008ad00000| Untracked 
|   6|0x000000008ae00000, 0x000000008ae00000, 0x000000008af00000|  0%| F|  |TAMS 0x000000008ae00000, 0x000000008ae00000| Untracked 
|   7|0x000000008af00000, 0x000000008af00000, 0x000000008b000000|  0%| F|  |TAMS 0x000000008af00000, 0x000000008af00000| Untracked 
|   8|0x000000008b000000, 0x000000008b000000, 0x000000008b100000|  0%| F|  |TAMS 0x000000008b000000, 0x000000008b000000| Untracked 
|   9|0x000000008b100000, 0x000000008b100000, 0x000000008b200000|  0%| F|  |TAMS 0x000000008b100000, 0x000000008b100000| Untracked 
|  10|0x000000008b200000, 0x000000008b200000, 0x000000008b300000|  0%| F|  |TAMS 0x000000008b200000, 0x000000008b200000| Untracked 
|  11|0x000000008b300000, 0x000000008b300000, 0x000000008b400000|  0%| F|  |TAMS 0x000000008b300000, 0x000000008b300000| Untracked 
|  12|0x000000008b400000, 0x000000008b400000, 0x000000008b500000|  0%| F|  |TAMS 0x000000008b400000, 0x000000008b400000| Untracked 
|  13|0x000000008b500000, 0x000000008b500000, 0x000000008b600000|  0%| F|  |TAMS 0x000000008b500000, 0x000000008b500000| Untracked 
|  14|0x000000008b600000, 0x000000008b600000, 0x000000008b700000|  0%| F|  |TAMS 0x000000008b600000, 0x000000008b600000| Untracked 
|  15|0x000000008b700000, 0x000000008b700000, 0x000000008b800000|  0%| F|  |TAMS 0x000000008b700000, 0x000000008b700000| Untracked 
|  16|0x000000008b800000, 0x000000008b800000, 0x000000008b900000|  0%| F|  |TAMS 0x000000008b800000, 0x000000008b800000| Untracked 
|  17|0x000000008b900000, 0x000000008b900000, 0x000000008ba00000|  0%| F|  |TAMS 0x000000008b900000, 0x000000008b900000| Untracked 
|  18|0x000000008ba00000, 0x000000008ba00000, 0x000000008bb00000|  0%| F|  |TAMS 0x000000008ba00000, 0x000000008ba00000| Untracked 
|  19|0x000000008bb00000, 0x000000008bb00000, 0x000000008bc00000|  0%| F|  |TAMS 0x000000008bb00000, 0x000000008bb00000| Untracked 
|  20|0x000000008bc00000, 0x000000008bc00000, 0x000000008bd00000|  0%| F|  |TAMS 0x000000008bc00000, 0x000000008bc00000| Untracked 
|  21|0x000000008bd00000, 0x000000008bd00000, 0x000000008be00000|  0%| F|  |TAMS 0x000000008bd00000, 0x000000008bd00000| Untracked 
|  22|0x000000008be00000, 0x000000008be00000, 0x000000008bf00000|  0%| F|  |TAMS 0x000000008be00000, 0x000000008be00000| Untracked 
|  23|0x000000008bf00000, 0x000000008bf00000, 0x000000008c000000|  0%| F|  |TAMS 0x000000008bf00000, 0x000000008bf00000| Untracked 
|  24|0x000000008c000000, 0x000000008c000000, 0x000000008c100000|  0%| F|  |TAMS 0x000000008c000000, 0x000000008c000000| Untracked 
|  25|0x000000008c100000, 0x000000008c100000, 0x000000008c200000|  0%| F|  |TAMS 0x000000008c100000, 0x000000008c100000| Untracked 
|  26|0x000000008c200000, 0x000000008c200000, 0x000000008c300000|  0%| F|  |TAMS 0x000000008c200000, 0x000000008c200000| Untracked 
|  27|0x000000008c300000, 0x000000008c300000, 0x000000008c400000|  0%| F|  |TAMS 0x000000008c300000, 0x000000008c300000| Untracked 
|  28|0x000000008c400000, 0x000000008c400000, 0x000000008c500000|  0%| F|  |TAMS 0x000000008c400000, 0x000000008c400000| Untracked 
|  29|0x000000008c500000, 0x000000008c500000, 0x000000008c600000|  0%| F|  |TAMS 0x000000008c500000, 0x000000008c500000| Untracked 
|  30|0x000000008c600000, 0x000000008c600000, 0x000000008c700000|  0%| F|  |TAMS 0x000000008c600000, 0x000000008c600000| Untracked 
|  31|0x000000008c700000, 0x000000008c700000, 0x000000008c800000|  0%| F|  |TAMS 0x000000008c700000, 0x000000008c700000| Untracked 
|  32|0x000000008c800000, 0x000000008c800000, 0x000000008c900000|  0%| F|  |TAMS 0x000000008c800000, 0x000000008c800000| Untracked 
|  33|0x000000008c900000, 0x000000008c900000, 0x000000008ca00000|  0%| F|  |TAMS 0x000000008c900000, 0x000000008c900000| Untracked 
|  34|0x000000008ca00000, 0x000000008ca00000, 0x000000008cb00000|  0%| F|  |TAMS 0x000000008ca00000, 0x000000008ca00000| Untracked 
|  35|0x000000008cb00000, 0x000000008cb00000, 0x000000008cc00000|  0%| F|  |TAMS 0x000000008cb00000, 0x000000008cb00000| Untracked 
|  36|0x000000008cc00000, 0x000000008cc00000, 0x000000008cd00000|  0%| F|  |TAMS 0x000000008cc00000, 0x000000008cc00000| Untracked 
|  37|0x000000008cd00000, 0x000000008cd00000, 0x000000008ce00000|  0%| F|  |TAMS 0x000000008cd00000, 0x000000008cd00000| Untracked 
|  38|0x000000008ce00000, 0x000000008ce00000, 0x000000008cf00000|  0%| F|  |TAMS 0x000000008ce00000, 0x000000008ce00000| Untracked 
|  39|0x000000008cf00000, 0x000000008cf00000, 0x000000008d000000|  0%| F|  |TAMS 0x000000008cf00000, 0x000000008cf00000| Untracked 
|  40|0x000000008d000000, 0x000000008d000000, 0x000000008d100000|  0%| F|  |TAMS 0x000000008d000000, 0x000000008d000000| Untracked 
|  41|0x000000008d100000, 0x000000008d100000, 0x000000008d200000|  0%| F|  |TAMS 0x000000008d100000, 0x000000008d100000| Untracked 
|  42|0x000000008d200000, 0x000000008d200000, 0x000000008d300000|  0%| F|  |TAMS 0x000000008d200000, 0x000000008d200000| Untracked 
|  43|0x000000008d300000, 0x000000008d300000, 0x000000008d400000|  0%| F|  |TAMS 0x000000008d300000, 0x000000008d300000| Untracked 
|  44|0x000000008d400000, 0x000000008d400000, 0x000000008d500000|  0%| F|  |TAMS 0x000000008d400000, 0x000000008d400000| Untracked 
|  45|0x000000008d500000, 0x000000008d500000, 0x000000008d600000|  0%| F|  |TAMS 0x000000008d500000, 0x000000008d500000| Untracked 
|  46|0x000000008d600000, 0x000000008d600000, 0x000000008d700000|  0%| F|  |TAMS 0x000000008d600000, 0x000000008d600000| Untracked 
|  47|0x000000008d700000, 0x000000008d700000, 0x000000008d800000|  0%| F|  |TAMS 0x000000008d700000, 0x000000008d700000| Untracked 
|  48|0x000000008d800000, 0x000000008d800000, 0x000000008d900000|  0%| F|  |TAMS 0x000000008d800000, 0x000000008d800000| Untracked 
|  49|0x000000008d900000, 0x000000008d900000, 0x000000008da00000|  0%| F|  |TAMS 0x000000008d900000, 0x000000008d900000| Untracked 
|  50|0x000000008da00000, 0x000000008da00000, 0x000000008db00000|  0%| F|  |TAMS 0x000000008da00000, 0x000000008da00000| Untracked 
|  51|0x000000008db00000, 0x000000008db00000, 0x000000008dc00000|  0%| F|  |TAMS 0x000000008db00000, 0x000000008db00000| Untracked 
|  52|0x000000008dc00000, 0x000000008dc00000, 0x000000008dd00000|  0%| F|  |TAMS 0x000000008dc00000, 0x000000008dc00000| Untracked 
|  53|0x000000008dd00000, 0x000000008dd00000, 0x000000008de00000|  0%| F|  |TAMS 0x000000008dd00000, 0x000000008dd00000| Untracked 
|  54|0x000000008de00000, 0x000000008de00000, 0x000000008df00000|  0%| F|  |TAMS 0x000000008de00000, 0x000000008de00000| Untracked 
|  55|0x000000008df00000, 0x000000008df00000, 0x000000008e000000|  0%| F|  |TAMS 0x000000008df00000, 0x000000008df00000| Untracked 
|  56|0x000000008e000000, 0x000000008e000000, 0x000000008e100000|  0%| F|  |TAMS 0x000000008e000000, 0x000000008e000000| Untracked 
|  57|0x000000008e100000, 0x000000008e100000, 0x000000008e200000|  0%| F|  |TAMS 0x000000008e100000, 0x000000008e100000| Untracked 
|  58|0x000000008e200000, 0x000000008e200000, 0x000000008e300000|  0%| F|  |TAMS 0x000000008e200000, 0x000000008e200000| Untracked 
|  59|0x000000008e300000, 0x000000008e300000, 0x000000008e400000|  0%| F|  |TAMS 0x000000008e300000, 0x000000008e300000| Untracked 
|  60|0x000000008e400000, 0x000000008e400000, 0x000000008e500000|  0%| F|  |TAMS 0x000000008e400000, 0x000000008e400000| Untracked 
|  61|0x000000008e500000, 0x000000008e500000, 0x000000008e600000|  0%| F|  |TAMS 0x000000008e500000, 0x000000008e500000| Untracked 
|  62|0x000000008e600000, 0x000000008e600000, 0x000000008e700000|  0%| F|  |TAMS 0x000000008e600000, 0x000000008e600000| Untracked 
|  63|0x000000008e700000, 0x000000008e700000, 0x000000008e800000|  0%| F|  |TAMS 0x000000008e700000, 0x000000008e700000| Untracked 
|  64|0x000000008e800000, 0x000000008e800000, 0x000000008e900000|  0%| F|  |TAMS 0x000000008e800000, 0x000000008e800000| Untracked 
|  65|0x000000008e900000, 0x000000008e900000, 0x000000008ea00000|  0%| F|  |TAMS 0x000000008e900000, 0x000000008e900000| Untracked 
|  66|0x000000008ea00000, 0x000000008ea00000, 0x000000008eb00000|  0%| F|  |TAMS 0x000000008ea00000, 0x000000008ea00000| Untracked 
|  67|0x000000008eb00000, 0x000000008eb00000, 0x000000008ec00000|  0%| F|  |TAMS 0x000000008eb00000, 0x000000008eb00000| Untracked 
|  68|0x000000008ec00000, 0x000000008ec00000, 0x000000008ed00000|  0%| F|  |TAMS 0x000000008ec00000, 0x000000008ec00000| Untracked 
|  69|0x000000008ed00000, 0x000000008ed00000, 0x000000008ee00000|  0%| F|  |TAMS 0x000000008ed00000, 0x000000008ed00000| Untracked 
|  70|0x000000008ee00000, 0x000000008ee00000, 0x000000008ef00000|  0%| F|  |TAMS 0x000000008ee00000, 0x000000008ee00000| Untracked 
|  71|0x000000008ef00000, 0x000000008ef00000, 0x000000008f000000|  0%| F|  |TAMS 0x000000008ef00000, 0x000000008ef00000| Untracked 
|  72|0x000000008f000000, 0x000000008f000000, 0x000000008f100000|  0%| F|  |TAMS 0x000000008f000000, 0x000000008f000000| Untracked 
|  73|0x000000008f100000, 0x000000008f100000, 0x000000008f200000|  0%| F|  |TAMS 0x000000008f100000, 0x000000008f100000| Untracked 
|  74|0x000000008f200000, 0x000000008f200000, 0x000000008f300000|  0%| F|  |TAMS 0x000000008f200000, 0x000000008f200000| Untracked 
|  75|0x000000008f300000, 0x000000008f300000, 0x000000008f400000|  0%| F|  |TAMS 0x000000008f300000, 0x000000008f300000| Untracked 
|  76|0x000000008f400000, 0x000000008f400000, 0x000000008f500000|  0%| F|  |TAMS 0x000000008f400000, 0x000000008f400000| Untracked 
|  77|0x000000008f500000, 0x000000008f500000, 0x000000008f600000|  0%| F|  |TAMS 0x000000008f500000, 0x000000008f500000| Untracked 
|  78|0x000000008f600000, 0x000000008f600000, 0x000000008f700000|  0%| F|  |TAMS 0x000000008f600000, 0x000000008f600000| Untracked 
|  79|0x000000008f700000, 0x000000008f700000, 0x000000008f800000|  0%| F|  |TAMS 0x000000008f700000, 0x000000008f700000| Untracked 
|  80|0x000000008f800000, 0x000000008f800000, 0x000000008f900000|  0%| F|  |TAMS 0x000000008f800000, 0x000000008f800000| Untracked 
|  81|0x000000008f900000, 0x000000008f900000, 0x000000008fa00000|  0%| F|  |TAMS 0x000000008f900000, 0x000000008f900000| Untracked 
|  82|0x000000008fa00000, 0x000000008fa00000, 0x000000008fb00000|  0%| F|  |TAMS 0x000000008fa00000, 0x000000008fa00000| Untracked 
|  83|0x000000008fb00000, 0x000000008fb00000, 0x000000008fc00000|  0%| F|  |TAMS 0x000000008fb00000, 0x000000008fb00000| Untracked 
|  84|0x000000008fc00000, 0x000000008fc00000, 0x000000008fd00000|  0%| F|  |TAMS 0x000000008fc00000, 0x000000008fc00000| Untracked 
|  85|0x000000008fd00000, 0x000000008fd00000, 0x000000008fe00000|  0%| F|  |TAMS 0x000000008fd00000, 0x000000008fd00000| Untracked 
|  86|0x000000008fe00000, 0x000000008fe00000, 0x000000008ff00000|  0%| F|  |TAMS 0x000000008fe00000, 0x000000008fe00000| Untracked 
|  87|0x000000008ff00000, 0x000000008ff00000, 0x0000000090000000|  0%| F|  |TAMS 0x000000008ff00000, 0x000000008ff00000| Untracked 
|  88|0x0000000090000000, 0x0000000090000000, 0x0000000090100000|  0%| F|  |TAMS 0x0000000090000000, 0x0000000090000000| Untracked 
|  89|0x0000000090100000, 0x0000000090100000, 0x0000000090200000|  0%| F|  |TAMS 0x0000000090100000, 0x0000000090100000| Untracked 
|  90|0x0000000090200000, 0x0000000090200000, 0x0000000090300000|  0%| F|  |TAMS 0x0000000090200000, 0x0000000090200000| Untracked 
|  91|0x0000000090300000, 0x0000000090300000, 0x0000000090400000|  0%| F|  |TAMS 0x0000000090300000, 0x0000000090300000| Untracked 
|  92|0x0000000090400000, 0x0000000090400000, 0x0000000090500000|  0%| F|  |TAMS 0x0000000090400000, 0x0000000090400000| Untracked 
|  93|0x0000000090500000, 0x0000000090500000, 0x0000000090600000|  0%| F|  |TAMS 0x0000000090500000, 0x0000000090500000| Untracked 
|  94|0x0000000090600000, 0x0000000090600000, 0x0000000090700000|  0%| F|  |TAMS 0x0000000090600000, 0x0000000090600000| Untracked 
|  95|0x0000000090700000, 0x0000000090700000, 0x0000000090800000|  0%| F|  |TAMS 0x0000000090700000, 0x0000000090700000| Untracked 
|  96|0x0000000090800000, 0x0000000090800000, 0x0000000090900000|  0%| F|  |TAMS 0x0000000090800000, 0x0000000090800000| Untracked 
|  97|0x0000000090900000, 0x0000000090900000, 0x0000000090a00000|  0%| F|  |TAMS 0x0000000090900000, 0x0000000090900000| Untracked 
|  98|0x0000000090a00000, 0x0000000090a00000, 0x0000000090b00000|  0%| F|  |TAMS 0x0000000090a00000, 0x0000000090a00000| Untracked 
|  99|0x0000000090b00000, 0x0000000090b00000, 0x0000000090c00000|  0%| F|  |TAMS 0x0000000090b00000, 0x0000000090b00000| Untracked 
| 100|0x0000000090c00000, 0x0000000090c00000, 0x0000000090d00000|  0%| F|  |TAMS 0x0000000090c00000, 0x0000000090c00000| Untracked 
| 101|0x0000000090d00000, 0x0000000090d00000, 0x0000000090e00000|  0%| F|  |TAMS 0x0000000090d00000, 0x0000000090d00000| Untracked 
| 102|0x0000000090e00000, 0x0000000090e00000, 0x0000000090f00000|  0%| F|  |TAMS 0x0000000090e00000, 0x0000000090e00000| Untracked 
| 103|0x0000000090f00000, 0x0000000090f00000, 0x0000000091000000|  0%| F|  |TAMS 0x0000000090f00000, 0x0000000090f00000| Untracked 
| 104|0x0000000091000000, 0x0000000091000000, 0x0000000091100000|  0%| F|  |TAMS 0x0000000091000000, 0x0000000091000000| Untracked 
| 105|0x0000000091100000, 0x0000000091100000, 0x0000000091200000|  0%| F|  |TAMS 0x0000000091100000, 0x0000000091100000| Untracked 
| 106|0x0000000091200000, 0x0000000091200000, 0x0000000091300000|  0%| F|  |TAMS 0x0000000091200000, 0x0000000091200000| Untracked 
| 107|0x0000000091300000, 0x0000000091300000, 0x0000000091400000|  0%| F|  |TAMS 0x0000000091300000, 0x0000000091300000| Untracked 
| 108|0x0000000091400000, 0x0000000091400000, 0x0000000091500000|  0%| F|  |TAMS 0x0000000091400000, 0x0000000091400000| Untracked 
| 109|0x0000000091500000, 0x0000000091600000, 0x0000000091600000|100%| E|  |TAMS 0x0000000091500000, 0x0000000091500000| Complete 
| 110|0x0000000091600000, 0x0000000091700000, 0x0000000091700000|100%| E|  |TAMS 0x0000000091600000, 0x0000000091600000| Complete 
| 111|0x0000000091700000, 0x0000000091800000, 0x0000000091800000|100%| E|CS|TAMS 0x0000000091700000, 0x0000000091700000| Complete 
| 112|0x0000000091800000, 0x0000000091900000, 0x0000000091900000|100%| E|CS|TAMS 0x0000000091800000, 0x0000000091800000| Complete 
| 113|0x0000000091900000, 0x0000000091a00000, 0x0000000091a00000|100%| E|CS|TAMS 0x0000000091900000, 0x0000000091900000| Complete 
| 114|0x0000000091a00000, 0x0000000091b00000, 0x0000000091b00000|100%| E|CS|TAMS 0x0000000091a00000, 0x0000000091a00000| Complete 
| 115|0x0000000091b00000, 0x0000000091c00000, 0x0000000091c00000|100%| E|CS|TAMS 0x0000000091b00000, 0x0000000091b00000| Complete 
| 116|0x0000000091c00000, 0x0000000091d00000, 0x0000000091d00000|100%| E|CS|TAMS 0x0000000091c00000, 0x0000000091c00000| Complete 
| 117|0x0000000091d00000, 0x0000000091e00000, 0x0000000091e00000|100%| E|CS|TAMS 0x0000000091d00000, 0x0000000091d00000| Complete 

Card table byte_map: [0x000001a7f1410000,0x000001a7f17c0000] _byte_map_base: 0x000001a7f0fbc000

Marking Bits (Prev, Next): (CMBitMap*) 0x000001a7d9c12830, (CMBitMap*) 0x000001a7d9c12870
 Prev Bits: [0x000001a7f1b70000, 0x000001a7f38d0000)
 Next Bits: [0x000001a7f38d0000, 0x000001a7f5630000)

Polling page: 0x000001a7d7b90000

Metaspace:

Usage:
  Non-class:      5.72 MB used.
      Class:    727.89 KB used.
       Both:      6.43 MB used.

Virtual space:
  Non-class space:       64.00 MB reserved,       5.81 MB (  9%) committed,  1 nodes.
      Class space:        1.00 GB reserved,     832.00 KB ( <1%) committed,  1 nodes.
             Both:        1.06 GB reserved,       6.62 MB ( <1%) committed. 

Chunk freelists:
   Non-Class:  2.11 MB
       Class:  3.24 MB
        Both:  5.35 MB

MaxMetaspaceSize: unlimited
CompressedClassSpaceSize: 1.00 GB
Initial GC threshold: 21.00 MB
Current GC threshold: 21.00 MB
CDS: on
MetaspaceReclaimPolicy: balanced
 - commit_granule_bytes: 65536.
 - commit_granule_words: 8192.
 - virtual_space_node_default_size: 8388608.
 - enlarge_chunks_in_place: 1.
 - new_chunks_are_fully_committed: 0.
 - uncommit_free_chunks: 1.
 - use_allocation_guard: 0.


Internal statistics:

num_allocs_failed_limit: 0.
num_arena_births: 130.
num_arena_deaths: 0.
num_vsnodes_births: 2.
num_vsnodes_deaths: 0.
num_space_committed: 106.
num_space_uncommitted: 0.
num_chunks_returned_to_freelist: 0.
num_chunks_taken_from_freelist: 139.
num_chunk_merges: 0.
num_chunk_splits: 98.
num_chunks_enlarged: 63.
num_inconsistent_stats: 0.

CodeHeap 'non-profiled nmethods': size=120000Kb used=203Kb max_used=203Kb free=119796Kb
 bounds [0x000001a7e95e0000, 0x000001a7e9850000, 0x000001a7f0b10000]
CodeHeap 'profiled nmethods': size=120000Kb used=1206Kb max_used=1206Kb free=118794Kb
 bounds [0x000001a7e1b10000, 0x000001a7e1d80000, 0x000001a7e9040000]
CodeHeap 'non-nmethods': size=5760Kb used=1333Kb max_used=1333Kb free=4426Kb
 bounds [0x000001a7e9040000, 0x000001a7e92b0000, 0x000001a7e95e0000]
 total_blobs=1299 nmethods=727 adapters=483
 compilation: enabled
              stopped_count=0, restarted_count=0
 full_count=0

Compilation events (20 events):
Event: 0.848 Thread 0x000001a7f82bcb40 nmethod 717 0x000001a7e1c3a690 code [0x000001a7e1c3a820, 0x000001a7e1c3a938]
Event: 0.848 Thread 0x000001a7fd4be2b0 nmethod 711% 0x000001a7e9612310 code [0x000001a7e96124a0, 0x000001a7e9612678]
Event: 0.850 Thread 0x000001a7f82bcb40  718       3       java.lang.Integer::valueOf (32 bytes)
Event: 0.850 Thread 0x000001a7f82bcb40 nmethod 718 0x000001a7e1c3aa10 code [0x000001a7e1c3abe0, 0x000001a7e1c3aef8]
Event: 0.850 Thread 0x000001a7f82bcb40  720       3       java.util.HashSet::add (20 bytes)
Event: 0.850 Thread 0x000001a7f82bcb40 nmethod 720 0x000001a7e1c3b010 code [0x000001a7e1c3b1c0, 0x000001a7e1c3b3e8]
Event: 0.850 Thread 0x000001a7f82bcb40  719       3       java.lang.Integer::<init> (10 bytes)
Event: 0.850 Thread 0x000001a7f82bcb40 nmethod 719 0x000001a7e1c3b490 code [0x000001a7e1c3b640, 0x000001a7e1c3b818]
Event: 0.850 Thread 0x000001a7f82bcb40  721       3       java.lang.Integer::hashCode (8 bytes)
Event: 0.851 Thread 0x000001a7f82bcb40 nmethod 721 0x000001a7e1c3b910 code [0x000001a7e1c3bac0, 0x000001a7e1c3bc18]
Event: 0.851 Thread 0x000001a7f82bcb40  722       3       java.lang.Integer::hashCode (2 bytes)
Event: 0.851 Thread 0x000001a7f82bcb40 nmethod 722 0x000001a7e1c3bd10 code [0x000001a7e1c3bea0, 0x000001a7e1c3bf98]
Event: 0.851 Thread 0x000001a7fd4be2b0  723       4       java.lang.CharacterDataLatin1::getProperties (11 bytes)
Event: 0.851 Thread 0x000001a7fd4be2b0 nmethod 723 0x000001a7e9612790 code [0x000001a7e9612920, 0x000001a7e96129b8]
Event: 0.861 Thread 0x000001a7f82bcb40  725       3       jdk.internal.org.objectweb.asm.Frame::pop (53 bytes)
Event: 0.862 Thread 0x000001a7f82bcb40 nmethod 725 0x000001a7e1c3c010 code [0x000001a7e1c3c260, 0x000001a7e1c3c9f8]
Event: 0.862 Thread 0x000001a7f82bcb40  726       3       java.lang.invoke.InnerClassLambdaMetafactory::getOpcodeOffset (38 bytes)
Event: 0.863 Thread 0x000001a7f82bcb40 nmethod 726 0x000001a7e1c3cd10 code [0x000001a7e1c3cee0, 0x000001a7e1c3d1b8]
Event: 0.864 Thread 0x000001a7f82bcb40  727       3       java.util.concurrent.ConcurrentHashMap$ValueIterator::next (34 bytes)
Event: 0.864 Thread 0x000001a7f82bcb40 nmethod 727 0x000001a7e1c3d290 code [0x000001a7e1c3d460, 0x000001a7e1c3d6b8]

GC Heap History (0 events):
No events

Dll operation events (7 events):
Event: 0.018 Loaded shared library C:\Program Files\Java\jdk-19\bin\java.dll
Event: 0.033 Loaded shared library C:\Program Files\Java\jdk-19\bin\jsvml.dll
Event: 0.132 Loaded shared library C:\Program Files\Java\jdk-19\bin\jimage.dll
Event: 0.145 Loaded shared library C:\Program Files\Java\jdk-19\bin\net.dll
Event: 0.150 Loaded shared library C:\Program Files\Java\jdk-19\bin\nio.dll
Event: 0.159 Loaded shared library C:\Program Files\Java\jdk-19\bin\zip.dll
Event: 0.195 Loaded shared library C:\Program Files\Java\jdk-19\bin\awt.dll

Deoptimization events (12 events):
Event: 0.556 Thread 0x000001a7d9bb5d90 Uncommon trap: trap_request=0xffffff45 fr.pc=0x000001a7e95ff328 relative=0x0000000000000188
Event: 0.556 Thread 0x000001a7d9bb5d90 Uncommon trap: reason=unstable_if action=reinterpret pc=0x000001a7e95ff328 method=java.lang.String.equals(Ljava/lang/Object;)Z @ 33 c2
Event: 0.556 Thread 0x000001a7d9bb5d90 DEOPT PACKING pc=0x000001a7e95ff328 sp=0x00000012792feff0
Event: 0.556 Thread 0x000001a7d9bb5d90 DEOPT UNPACKING pc=0x000001a7e90a6da3 sp=0x00000012792fef90 mode 2
Event: 0.755 Thread 0x000001a7fd3f8890 Uncommon trap: trap_request=0xffffff45 fr.pc=0x000001a7e9609e30 relative=0x00000000000006b0
Event: 0.755 Thread 0x000001a7fd3f8890 Uncommon trap: reason=unstable_if action=reinterpret pc=0x000001a7e9609e30 method=java.util.regex.Matcher.search(I)Z @ 30 c2
Event: 0.755 Thread 0x000001a7fd3f8890 DEOPT PACKING pc=0x000001a7e9609e30 sp=0x000000127a8fea00
Event: 0.755 Thread 0x000001a7fd3f8890 DEOPT UNPACKING pc=0x000001a7e90a6da3 sp=0x000000127a8fe9e0 mode 2
Event: 0.832 Thread 0x000001a7d9bb5d90 Uncommon trap: trap_request=0xffffff45 fr.pc=0x000001a7e9604dd8 relative=0x0000000000000138
Event: 0.832 Thread 0x000001a7d9bb5d90 Uncommon trap: reason=unstable_if action=reinterpret pc=0x000001a7e9604dd8 method=java.util.concurrent.locks.ReentrantLock$NonfairSync.initialTryLock()Z @ 10 c2
Event: 0.832 Thread 0x000001a7d9bb5d90 DEOPT PACKING pc=0x000001a7e9604dd8 sp=0x00000012792fef20
Event: 0.832 Thread 0x000001a7d9bb5d90 DEOPT UNPACKING pc=0x000001a7e90a6da3 sp=0x00000012792feec8 mode 2

Classes loaded (20 events):
Event: 0.870 Loading class sun/java2d/loops/DrawPolygons done
Event: 0.870 Loading class sun/java2d/loops/DrawPath
Event: 0.870 Loading class sun/java2d/loops/DrawPath done
Event: 0.870 Loading class sun/java2d/loops/FillPath
Event: 0.870 Loading class sun/java2d/loops/FillPath done
Event: 0.870 Loading class sun/java2d/loops/MaskBlit
Event: 0.870 Loading class sun/java2d/loops/MaskBlit done
Event: 0.870 Loading class sun/java2d/loops/MaskFill
Event: 0.870 Loading class sun/java2d/loops/MaskFill done
Event: 0.870 Loading class sun/java2d/loops/DrawGlyphList
Event: 0.870 Loading class sun/java2d/loops/DrawGlyphList done
Event: 0.870 Loading class sun/java2d/loops/DrawGlyphListAA
Event: 0.870 Loading class sun/java2d/loops/DrawGlyphListAA done
Event: 0.870 Loading class sun/java2d/loops/DrawGlyphListLCD
Event: 0.870 Loading class sun/java2d/loops/DrawGlyphListLCD done
Event: 0.870 Loading class sun/java2d/loops/TransformHelper
Event: 0.870 Loading class sun/java2d/loops/TransformHelper done
Event: 0.871 Loading class java/awt/BasicStroke
Event: 0.871 Loading class java/awt/Stroke
Event: 0.871 Loading class java/awt/Stroke done

Classes unloaded (0 events):
No events

Classes redefined (0 events):
No events

Internal exceptions (12 events):
Event: 0.173 Thread 0x000001a7d9bb5d90 Exception <a 'java/lang/ClassNotFoundException'{0x0000000091b0a0f8}: sun/awt/resources/spi/awtProvider> (0x0000000091b0a0f8) 
thrown [s\open\src\hotspot\share\classfile\systemDictionary.cpp, line 255]
Event: 0.230 Thread 0x000001a7d9bb5d90 Exception <a 'java/io/FileNotFoundException'{0x0000000091b63160}> (0x0000000091b63160) 
thrown [s\open\src\hotspot\share\prims\jni.cpp, line 517]
Event: 0.247 Thread 0x000001a7d9bb5d90 Exception <a 'java/io/FileNotFoundException'{0x0000000091b8fba0}> (0x0000000091b8fba0) 
thrown [s\open\src\hotspot\share\prims\jni.cpp, line 517]
Event: 0.339 Thread 0x000001a7d9bb5d90 Exception <a 'java/lang/NoSuchMethodError'{0x0000000091bc9b88}: 'java.lang.Object java.lang.invoke.DirectMethodHandle$Holder.invokeStaticInit(java.lang.Object)'> (0x0000000091bc9b88) 
thrown [s\open\src\hotspot\share\interpreter\linkResolver.cpp, line 774]
Event: 0.411 Thread 0x000001a7d9bb5d90 Exception <a 'java/lang/NoSuchMethodError'{0x000000009191a450}: 'void java.lang.invoke.DirectMethodHandle$Holder.invokeSpecial(java.lang.Object, java.lang.Object, java.lang.Object)'> (0x000000009191a450) 
thrown [s\open\src\hotspot\share\interpreter\linkResolver.cpp, line 774]
Event: 0.427 Thread 0x000001a7d9bb5d90 Exception <a 'java/lang/NoSuchMethodError'{0x0000000091944c78}: 'java.lang.Object java.lang.invoke.DirectMethodHandle$Holder.newInvokeSpecial(java.lang.Object, java.lang.Object, java.lang.Object, java.lang.Object, java.lang.Object)'> (0x0000000091944c78) 
thrown [s\open\src\hotspot\share\interpreter\linkResolver.cpp, line 774]
Event: 0.438 Thread 0x000001a7d9bb5d90 Exception <a 'java/lang/NoSuchMethodError'{0x0000000091976690}: 'java.lang.Object java.lang.invoke.DirectMethodHandle$Holder.invokeStatic(java.lang.Object, int, java.lang.Object)'> (0x0000000091976690) 
thrown [s\open\src\hotspot\share\interpreter\linkResolver.cpp, line 774]
Event: 0.496 Thread 0x000001a7d9bb5d90 Exception <a 'java/lang/ClassNotFoundException'{0x0000000091834548}: com/sun/swing/internal/plaf/metal/resources/spi/metalProvider> (0x0000000091834548) 
thrown [s\open\src\hotspot\share\classfile\systemDictionary.cpp, line 255]
Event: 0.498 Thread 0x000001a7d9bb5d90 Exception <a 'java/lang/ClassNotFoundException'{0x0000000091838228}: com/sun/swing/internal/plaf/basic/resources/spi/basicProvider> (0x0000000091838228) 
thrown [s\open\src\hotspot\share\classfile\systemDictionary.cpp, line 255]
Event: 0.543 Thread 0x000001a7d9bb5d90 Exception <a 'java/lang/NoSuchMethodError'{0x000000009186ef68}: 'int java.lang.invoke.Invokers$Holder.invokeExact_MT(java.lang.Object, java.lang.Object)'> (0x000000009186ef68) 
thrown [s\open\src\hotspot\share\interpreter\linkResolver.cpp, line 774]
Event: 0.788 Thread 0x000001a7fd3f8890 Exception <a 'java/lang/NoSuchMethodError'{0x000000009168b618}: 'java.lang.Object java.lang.invoke.DirectMethodHandle$Holder.newInvokeSpecial(java.lang.Object, java.lang.Object, java.lang.Object, int, int, int, int, int)'> (0x000000009168b618) 
thrown [s\open\src\hotspot\share\interpreter\linkResolver.cpp, line 774]
Event: 0.861 Thread 0x000001a7fc74cc50 Exception <a 'java/lang/NoSuchMethodError'{0x0000000091a0fba0}: 'void java.lang.invoke.DirectMethodHandle$Holder.invokeVirtual(java.lang.Object, java.lang.Object)'> (0x0000000091a0fba0) 
thrown [s\open\src\hotspot\share\interpreter\linkResolver.cpp, line 774]

VM Operations (10 events):
Event: 0.265 Executing VM operation: HandshakeAllThreads
Event: 0.266 Executing VM operation: HandshakeAllThreads done
Event: 0.495 Executing VM operation: HandshakeAllThreads
Event: 0.495 Executing VM operation: HandshakeAllThreads done
Event: 0.531 Executing VM operation: HandshakeAllThreads
Event: 0.531 Executing VM operation: HandshakeAllThreads done
Event: 0.536 Executing VM operation: HandshakeAllThreads
Event: 0.536 Executing VM operation: HandshakeAllThreads done
Event: 0.752 Executing VM operation: HandshakeAllThreads
Event: 0.752 Executing VM operation: HandshakeAllThreads done

Events (18 events):
Event: 0.034 Thread 0x000001a7d9bb5d90 Thread added: 0x000001a7d9bb5d90
Event: 0.055 Thread 0x000001a7f829f640 Thread added: 0x000001a7f829f640
Event: 0.056 Thread 0x000001a7f82a0c50 Thread added: 0x000001a7f82a0c50
Event: 0.056 Thread 0x000001a7f82a47b0 Thread added: 0x000001a7f82a47b0
Event: 0.057 Thread 0x000001a7f82a7370 Thread added: 0x000001a7f82a7370
Event: 0.057 Thread 0x000001a7f82a82b0 Thread added: 0x000001a7f82a82b0
Event: 0.057 Thread 0x000001a7f82b4500 Thread added: 0x000001a7f82b4500
Event: 0.057 Thread 0x000001a7f82ba5b0 Thread added: 0x000001a7f82ba5b0
Event: 0.058 Thread 0x000001a7f82bcb40 Thread added: 0x000001a7f82bcb40
Event: 0.058 Thread 0x000001a7f82cd8c0 Thread added: 0x000001a7f82cd8c0
Event: 0.090 Thread 0x000001a7fc502840 Thread added: 0x000001a7fc502840
Event: 0.097 Thread 0x000001a7fc529a30 Thread added: 0x000001a7fc529a30
Event: 0.343 Thread 0x000001a7fc71ef60 Thread added: 0x000001a7fc71ef60
Event: 0.346 Thread 0x000001a7fc71f830 Thread added: 0x000001a7fc71f830
Event: 0.348 Thread 0x000001a7fc74cc50 Thread added: 0x000001a7fc74cc50
Event: 0.672 Thread 0x000001a7fd3f8890 Thread added: 0x000001a7fd3f8890
Event: 0.735 Thread 0x000001a7fd4be2b0 Thread added: 0x000001a7fd4be2b0
Event: 0.833 Thread 0x000001a7fd48d500 Thread added: 0x000001a7fd48d500


Dynamic libraries:
0x00007ff60b740000 - 0x00007ff60b750000 	C:\Program Files\Java\jdk-19\bin\javaw.exe
0x00007ffbd2b10000 - 0x00007ffbd2d27000 	C:\WINDOWS\SYSTEM32\ntdll.dll
0x00007ffbca550000 - 0x00007ffbca569000 	C:\Program Files\Avast Software\Avast\aswhook.dll
0x00007ffbd1e50000 - 0x00007ffbd1f14000 	C:\WINDOWS\System32\KERNEL32.DLL
0x00007ffbcff70000 - 0x00007ffbd0316000 	C:\WINDOWS\System32\KERNELBASE.dll
0x00007ffbd0740000 - 0x00007ffbd0851000 	C:\WINDOWS\System32\ucrtbase.dll
0x00007ffbc9e10000 - 0x00007ffbc9e28000 	C:\Program Files\Java\jdk-19\bin\jli.dll
0x00007ffbd20a0000 - 0x00007ffbd2153000 	C:\WINDOWS\System32\ADVAPI32.dll
0x00007ffbc9240000 - 0x00007ffbc925b000 	C:\Program Files\Java\jdk-19\bin\VCRUNTIME140.dll
0x00007ffbd2650000 - 0x00007ffbd26f7000 	C:\WINDOWS\System32\msvcrt.dll
0x00007ffbd1d90000 - 0x00007ffbd1e38000 	C:\WINDOWS\System32\sechost.dll
0x00007ffbcfe80000 - 0x00007ffbcfea8000 	C:\WINDOWS\System32\bcrypt.dll
0x00007ffbd1f80000 - 0x00007ffbd2097000 	C:\WINDOWS\System32\RPCRT4.dll
0x00007ffbd0860000 - 0x00007ffbd0a0e000 	C:\WINDOWS\System32\USER32.dll
0x00007ffbcfe50000 - 0x00007ffbcfe76000 	C:\WINDOWS\System32\win32u.dll
0x00007ffbab7e0000 - 0x00007ffbaba73000 	C:\WINDOWS\WinSxS\amd64_microsoft.windows.common-controls_6595b64144ccf1df_6.0.22621.2506_none_270c5ae97388e100\COMCTL32.dll
0x00007ffbd2490000 - 0x00007ffbd24b9000 	C:\WINDOWS\System32\GDI32.dll
0x00007ffbd04b0000 - 0x00007ffbd05c8000 	C:\WINDOWS\System32\gdi32full.dll
0x00007ffbd0410000 - 0x00007ffbd04aa000 	C:\WINDOWS\System32\msvcp_win.dll
0x00007ffbc9780000 - 0x00007ffbc978a000 	C:\WINDOWS\SYSTEM32\VERSION.dll
0x00007ffbd2a90000 - 0x00007ffbd2ac1000 	C:\WINDOWS\System32\IMM32.DLL
0x00007ffbca2d0000 - 0x00007ffbca2dc000 	C:\Program Files\Java\jdk-19\bin\vcruntime140_1.dll
0x00007ffbc77f0000 - 0x00007ffbc787e000 	C:\Program Files\Java\jdk-19\bin\msvcp140.dll
0x00007ffb86700000 - 0x00007ffb873c0000 	C:\Program Files\Java\jdk-19\bin\server\jvm.dll
0x00007ffbbade0000 - 0x00007ffbbade9000 	C:\WINDOWS\SYSTEM32\WSOCK32.dll
0x00007ffbd1120000 - 0x00007ffbd1191000 	C:\WINDOWS\System32\WS2_32.dll
0x00007ffbc91b0000 - 0x00007ffbc91e4000 	C:\WINDOWS\SYSTEM32\WINMM.dll
0x00007ffbcee80000 - 0x00007ffbcee98000 	C:\WINDOWS\SYSTEM32\kernel.appcore.dll
0x00007ffbc7700000 - 0x00007ffbc770a000 	C:\Program Files\Java\jdk-19\bin\jimage.dll
0x00007ffbc8900000 - 0x00007ffbc8b33000 	C:\WINDOWS\SYSTEM32\DBGHELP.DLL
0x00007ffbd1a00000 - 0x00007ffbd1d89000 	C:\WINDOWS\System32\combase.dll
0x00007ffbd0bc0000 - 0x00007ffbd0c97000 	C:\WINDOWS\System32\OLEAUT32.dll
0x00007ffbc30d0000 - 0x00007ffbc3102000 	C:\WINDOWS\SYSTEM32\dbgcore.DLL
0x00007ffbd0320000 - 0x00007ffbd039a000 	C:\WINDOWS\System32\bcryptPrimitives.dll
0x00007ffbc76a0000 - 0x00007ffbc76c6000 	C:\Program Files\Java\jdk-19\bin\java.dll
0x00007ffbc2aa0000 - 0x00007ffbc2b77000 	C:\Program Files\Java\jdk-19\bin\jsvml.dll
0x00007ffbd11a0000 - 0x00007ffbd19fa000 	C:\WINDOWS\System32\SHELL32.dll
0x00007ffbcdda0000 - 0x00007ffbce696000 	C:\WINDOWS\SYSTEM32\windows.storage.dll
0x00007ffbcdc60000 - 0x00007ffbcdd9e000 	C:\WINDOWS\SYSTEM32\wintypes.dll
0x00007ffbd2700000 - 0x00007ffbd27f3000 	C:\WINDOWS\System32\SHCORE.dll
0x00007ffbd2160000 - 0x00007ffbd21be000 	C:\WINDOWS\System32\shlwapi.dll
0x00007ffbcfd80000 - 0x00007ffbcfda6000 	C:\WINDOWS\SYSTEM32\profapi.dll
0x00007ffbc7680000 - 0x00007ffbc7693000 	C:\Program Files\Java\jdk-19\bin\net.dll
0x00007ffbc9640000 - 0x00007ffbc9777000 	C:\WINDOWS\SYSTEM32\WINHTTP.dll
0x00007ffbcf300000 - 0x00007ffbcf369000 	C:\WINDOWS\system32\mswsock.dll
0x00007ffbc7200000 - 0x00007ffbc7216000 	C:\Program Files\Java\jdk-19\bin\nio.dll
0x00007ffbc5490000 - 0x00007ffbc54a8000 	C:\Program Files\Java\jdk-19\bin\zip.dll
0x00007ffbbb3b0000 - 0x00007ffbbb541000 	C:\Program Files\Java\jdk-19\bin\awt.dll
0x00007ffbcd1f0000 - 0x00007ffbcd287000 	C:\WINDOWS\SYSTEM32\apphelp.dll
0x00007ffbcd610000 - 0x00007ffbcd63b000 	C:\WINDOWS\system32\DWMAPI.DLL
0x00007ffbcd3c0000 - 0x00007ffbcd46b000 	C:\WINDOWS\system32\uxtheme.dll
0x00007ffbd2340000 - 0x00007ffbd2490000 	C:\WINDOWS\System32\MSCTF.dll
0x00007ffbd0a20000 - 0x00007ffbd0bc0000 	C:\WINDOWS\System32\ole32.dll
0x00007ffb61af0000 - 0x00007ffb61bf0000 	C:\WINDOWS\system32\opengl32.dll
0x00007ffb608c0000 - 0x00007ffb608ed000 	C:\WINDOWS\SYSTEM32\GLU32.dll
0x00007ffbcd4c0000 - 0x00007ffbcd4f6000 	C:\WINDOWS\SYSTEM32\dxcore.dll
0x00007ffba33c0000 - 0x00007ffba3569000 	C:\WINDOWS\system32\d3d9.dll
0x00007ffbc3a20000 - 0x00007ffbc3bfb000 	C:\WINDOWS\System32\DriverStore\FileRepository\u0371182.inf_amd64_e046f8d87ec91fad\B371034\aticfx64.dll
0x00007ffb7a120000 - 0x00007ffb7a153000 	C:\WINDOWS\System32\DriverStore\FileRepository\u0371182.inf_amd64_e046f8d87ec91fad\B371034\atiu9p64.dll
0x00007ffb59870000 - 0x00007ffb5a57c000 	C:\WINDOWS\System32\DriverStore\FileRepository\u0371182.inf_amd64_e046f8d87ec91fad\B371034\atiumd64.dll
0x00007ffbc3680000 - 0x00007ffbc36af000 	C:\WINDOWS\SYSTEM32\amdihk64.dll
0x00007ffbc5a70000 - 0x00007ffbc5aba000 	C:\WINDOWS\SYSTEM32\directxdatabasehelper.dll

dbghelp: loaded successfully - version: 4.0.5 - missing functions: none
symbol engine: initialized successfully - sym options: 0x614 - pdb path: .;C:\Program Files\Java\jdk-19\bin;C:\WINDOWS\SYSTEM32;C:\Program Files\Avast Software\Avast;C:\WINDOWS\WinSxS\amd64_microsoft.windows.common-controls_6595b64144ccf1df_6.0.22621.2506_none_270c5ae97388e100;C:\Program Files\Java\jdk-19\bin\server;C:\WINDOWS\System32\DriverStore\FileRepository\u0371182.inf_amd64_e046f8d87ec91fad\B371034

VM Arguments:
jvm_args: -Dfile.encoding=UTF-8 -Dstdout.encoding=UTF-8 -Dstderr.encoding=UTF-8 -XX:+ShowCodeDetailsInExceptionMessages 
java_command: login.view_login
java_class_path (initial): D:\My Homework\ck\bin;C:\Users\KIM THOA\Downloads\mysql-connector-java-8.0.20.jar;C:\Users\KIM THOA\Downloads\jcalendar-1.4.jar;C:\Users\KIM THOA\Downloads\jcommon-1.0.23.jar;C:\Users\KIM THOA\Downloads\jfreechart-1.5.0.jar
Launcher Type: SUN_STANDARD

[Global flags]
     intx CICompilerCount                          = 4                                         {product} {ergonomic}
     uint ConcGCThreads                            = 3                                         {product} {ergonomic}
     uint G1ConcRefinementThreads                  = 10                                        {product} {ergonomic}
   size_t G1HeapRegionSize                         = 1048576                                   {product} {ergonomic}
    uintx GCDrainStackTargetSize                   = 64                                        {product} {ergonomic}
   size_t InitialHeapSize                          = 123731968                                 {product} {ergonomic}
   size_t MarkStackSize                            = 4194304                                   {product} {ergonomic}
   size_t MaxHeapSize                              = 1971322880                                {product} {ergonomic}
   size_t MaxNewSize                               = 1182793728                                {product} {ergonomic}
   size_t MinHeapDeltaBytes                        = 1048576                                   {product} {ergonomic}
   size_t MinHeapSize                              = 8388608                                   {product} {ergonomic}
    uintx NonNMethodCodeHeapSize                   = 5839372                                {pd product} {ergonomic}
    uintx NonProfiledCodeHeapSize                  = 122909434                              {pd product} {ergonomic}
    uintx ProfiledCodeHeapSize                     = 122909434                              {pd product} {ergonomic}
    uintx ReservedCodeCacheSize                    = 251658240                              {pd product} {ergonomic}
     bool SegmentedCodeCache                       = true                                      {product} {ergonomic}
     bool ShowCodeDetailsInExceptionMessages       = true                                   {manageable} {command line}
   size_t SoftMaxHeapSize                          = 1971322880                             {manageable} {ergonomic}
     bool UseCompressedClassPointers               = true                           {product lp64_product} {ergonomic}
     bool UseCompressedOops                        = true                           {product lp64_product} {ergonomic}
     bool UseG1GC                                  = true                                      {product} {ergonomic}
     bool UseLargePagesIndividualAllocation        = false                                  {pd product} {ergonomic}

Logging:
Log output configuration:
 #0: stdout all=warning uptime,level,tags foldmultilines=false
 #1: stderr all=off uptime,level,tags foldmultilines=false

Environment Variables:
PATH=C:/Program Files/Java/jdk-19/bin/server;C:/Program Files/Java/jdk-19/bin;C:\Program Files (x86)\Common Files\Oracle\Java\javapath;C:\Program Files\Common Files\Oracle\Java\javapath;C:\Windows\system32;C:\Windows;C:\Windows\System32\Wbem;C:\Windows\System32\WindowsPowerShell\v1.0\;C:\Windows\System32\OpenSSH\;C:\Program Files (x86)\NVIDIA Corporation\PhysX\Common;C:\Program Files\NVIDIA Corporation\NVIDIA NvDLISR;C:\WINDOWS\system32;C:\WINDOWS;C:\WINDOWS\System32\Wbem;C:\WINDOWS\System32\WindowsPowerShell\v1.0\;C:\WINDOWS\System32\OpenSSH\;C:\Program Files (x86)\Microsoft SQL Server\160\Tools\Binn\;C:\Program Files\Microsoft SQL Server\160\Tools\Binn\;C:\Program Files\Microsoft SQL Server\Client SDK\ODBC\170\Tools\Binn\;C:\Program Files\Microsoft SQL Server\160\DTS\Binn\;C:\Program Files (x86)\Microsoft SQL Server\160\DTS\Binn\;C:\Program Files\Azure Data Studio\bin;C:\Users\KIM THOA\AppData\Local\Microsoft\WindowsApps;;C:\Users\KIM THOA\AppData\Local\Programs\Microsoft VS Code\bin;C:\Program Files\Azure Data Studio\bin;C:\Users\KIM THOA\OneDrive\Desktop;
USERNAME=KIM THOA
OS=Windows_NT
PROCESSOR_IDENTIFIER=AMD64 Family 23 Model 104 Stepping 1, AuthenticAMD
TMP=C:\Users\KIMTHO~1\AppData\Local\Temp
TEMP=C:\Users\KIMTHO~1\AppData\Local\Temp



---------------  S Y S T E M  ---------------

OS:
 Windows 11 , 64 bit Build 22621 (10.0.22621.2506)
OS uptime: 4 days 20:50 hours

CPU: total 12 (initial active 12) (12 cores per cpu, 2 threads per core) family 23 model 104 stepping 1 microcode 0x0, cx8, cmov, fxsr, ht, mmx, 3dnowpref, sse, sse2, sse3, ssse3, sse4a, sse4.1, sse4.2, popcnt, lzcnt, tsc, tscinvbit, avx, avx2, aes, clmul, bmi1, bmi2, adx, sha, fma, vzeroupper, clflush, clflushopt, rdtscp, rdpid

Memory: 4k page, system-wide physical 7514M (408M free)
TotalPageFile size 25076M (AvailPageFile size 2M)
current process WorkingSet (physical memory assigned to process): 59M, peak: 59M
current process commit charge ("private bytes"): 217M, peak: 222M

vm_info: Java HotSpot(TM) 64-Bit Server VM (19.0.2+7-44) for windows-amd64 JRE (19.0.2+7-44), built on 2022-11-30T18:02:09Z by "mach5one" with MS VC++ 17.1 (VS2022)

END.
