#
# There is insufficient memory for the Java Runtime Environment to continue.
# Native memory allocation (malloc) failed to allocate 187456 bytes for Chunk::new
# Possible reasons:
#   The system is out of physical RAM or swap space
#   The process is running with CompressedOops enabled, and the Java Heap may be blocking the growth of the native heap
# Possible solutions:
#   Reduce memory load on the system
#   Increase physical memory or swap space
#   Check if swap backing store is full
#   Decrease Java heap size (-Xmx/-Xms)
#   Decrease number of Java threads
#   Decrease Java thread stack sizes (-Xss)
#   Set larger code cache with -XX:ReservedCodeCacheSize=
#   JVM is running with Unscaled Compressed Oops mode in which the Java heap is
#     placed in the first 4GB address space. The Java Heap base address is the
#     maximum limit for the native heap growth. Please use -XX:HeapBaseMinAddress
#     to set the Java Heap base and to place the Java Heap above 4GB virtual address.
# This output file may be truncated or incomplete.
#
#  Out of Memory Error (arena.cpp:184), pid=23608, tid=14148
#
# JRE version: Java(TM) SE Runtime Environment (19.0.2+7) (build 19.0.2+7-44)
# Java VM: Java HotSpot(TM) 64-Bit Server VM (19.0.2+7-44, mixed mode, sharing, tiered, compressed oops, compressed class ptrs, g1 gc, windows-amd64)
# No core dump will be written. Minidumps are not enabled by default on client versions of Windows
#

---------------  S U M M A R Y ------------

Command Line: -Dfile.encoding=UTF-8 -Dstdout.encoding=UTF-8 -Dstderr.encoding=UTF-8 -XX:+ShowCodeDetailsInExceptionMessages view.main

Host: AMD Ryzen 5 5500U with Radeon Graphics         , 12 cores, 7G,  Windows 11 , 64 bit Build 22621 (10.0.22621.2506)
Time: Fri Dec 29 23:00:02 2023 SE Asia Standard Time elapsed time: 6382.015333 seconds (0d 1h 46m 22s)

---------------  T H R E A D  ---------------

Current thread (0x0000022a693e9cd0):  JavaThread "C2 CompilerThread0" daemon [_thread_in_native, id=14148, stack(0x0000003709700000,0x0000003709800000)]


Current CompileTask:
C2:6382015 1032       4       java.util.HashMap::putVal (300 bytes)

Stack: [0x0000003709700000,0x0000003709800000]
Native frames: (J=compiled Java code, j=interpreted, Vv=VM code, C=native code)
V  [jvm.dll+0x6ee21a]
V  [jvm.dll+0x85765e]
V  [jvm.dll+0x85904e]
V  [jvm.dll+0x859703]
V  [jvm.dll+0x28298f]
V  [jvm.dll+0xc9adf]
V  [jvm.dll+0xc9e65]
V  [jvm.dll+0x3bca4c]
V  [jvm.dll+0x3860e1]
V  [jvm.dll+0x38555a]
V  [jvm.dll+0x24c3d9]
V  [jvm.dll+0x24b781]
V  [jvm.dll+0x1d6ce1]
V  [jvm.dll+0x25b25a]
V  [jvm.dll+0x2596e8]
V  [jvm.dll+0x807588]
V  [jvm.dll+0x80125a]
V  [jvm.dll+0x6ecf0b]
C  [ucrtbase.dll+0x29363]
C  [KERNEL32.DLL+0x1257d]
C  [ntdll.dll+0x5aa58]


---------------  P R O C E S S  ---------------

Threads class SMR info:
_java_thread_list=0x0000022a6e0a3940, length=17, elements={
0x0000022a693dc3f0, 0x0000022a693dcfe0, 0x0000022a693e1fc0, 0x0000022a693e28f0,
0x0000022a693e4230, 0x0000022a693e8060, 0x0000022a693e9cd0, 0x0000022a693ec650,
0x0000022a693fd780, 0x0000022a6d8f6690, 0x0000022a6d8fc2d0, 0x0000022a6db04020,
0x0000022a6db09200, 0x0000022a6db0c200, 0x0000022a6e01b0a0, 0x0000022a4acfd330,
0x0000022a6d93a5f0
}

Java Threads: ( => current thread )
  0x0000022a693dc3f0 JavaThread "Reference Handler" daemon [_thread_blocked, id=24068, stack(0x0000003709100000,0x0000003709200000)]
  0x0000022a693dcfe0 JavaThread "Finalizer" daemon [_thread_blocked, id=6292, stack(0x0000003709200000,0x0000003709300000)]
  0x0000022a693e1fc0 JavaThread "Signal Dispatcher" daemon [_thread_blocked, id=24608, stack(0x0000003709300000,0x0000003709400000)]
  0x0000022a693e28f0 JavaThread "Attach Listener" daemon [_thread_blocked, id=23496, stack(0x0000003709400000,0x0000003709500000)]
  0x0000022a693e4230 JavaThread "Service Thread" daemon [_thread_blocked, id=22848, stack(0x0000003709500000,0x0000003709600000)]
  0x0000022a693e8060 JavaThread "Monitor Deflation Thread" daemon [_thread_blocked, id=24844, stack(0x0000003709600000,0x0000003709700000)]
=>0x0000022a693e9cd0 JavaThread "C2 CompilerThread0" daemon [_thread_in_native, id=14148, stack(0x0000003709700000,0x0000003709800000)]
  0x0000022a693ec650 JavaThread "C1 CompilerThread0" daemon [_thread_blocked, id=25020, stack(0x0000003709800000,0x0000003709900000)]
  0x0000022a693fd780 JavaThread "Sweeper thread" daemon [_thread_blocked, id=25360, stack(0x0000003709900000,0x0000003709a00000)]
  0x0000022a6d8f6690 JavaThread "Notification Thread" daemon [_thread_blocked, id=23312, stack(0x0000003709a00000,0x0000003709b00000)]
  0x0000022a6d8fc2d0 JavaThread "Common-Cleaner" daemon [_thread_blocked, id=2752, stack(0x0000003709c00000,0x0000003709d00000)]
  0x0000022a6db04020 JavaThread "Java2D Disposer" daemon [_thread_blocked, id=18776, stack(0x0000003709d00000,0x0000003709e00000)]
  0x0000022a6db09200 JavaThread "AWT-Shutdown" [_thread_blocked, id=24980, stack(0x0000003709e00000,0x0000003709f00000)]
  0x0000022a6db0c200 JavaThread "AWT-Windows" daemon [_thread_in_native, id=1372, stack(0x0000003709f00000,0x000000370a000000)]
  0x0000022a6e01b0a0 JavaThread "AWT-EventQueue-0" [_thread_blocked, id=7120, stack(0x000000370ab00000,0x000000370ac00000)]
  0x0000022a4acfd330 JavaThread "DestroyJavaVM" [_thread_blocked, id=25068, stack(0x0000003708a00000,0x0000003708b00000)]
  0x0000022a6d93a5f0 JavaThread "D3D Screen Updater" daemon [_thread_blocked, id=22144, stack(0x000000370ad00000,0x000000370ae00000)]

Other Threads:
  0x0000022a693bca10 VMThread "VM Thread" [stack: 0x0000003709000000,0x0000003709100000] [id=11332]
  0x0000022a6d8fb040 WatcherThread "VM Periodic Task Thread" [stack: 0x0000003709b00000,0x0000003709c00000] [id=25572]
  0x0000022a4ad59f40 WorkerThread "GC Thread#0" [stack: 0x0000003708b00000,0x0000003708c00000] [id=1804]
  0x0000022a4ad698b0 ConcurrentGCThread "G1 Main Marker" [stack: 0x0000003708c00000,0x0000003708d00000] [id=7704]
  0x0000022a4ad6ac00 WorkerThread "G1 Conc#0" [stack: 0x0000003708d00000,0x0000003708e00000] [id=12572]
  0x0000022a6927a520 ConcurrentGCThread "G1 Refine#0" [stack: 0x0000003708e00000,0x0000003708f00000] [id=24396]
  0x0000022a4adbe380 ConcurrentGCThread "G1 Service" [stack: 0x0000003708f00000,0x0000003709000000] [id=24628]

Threads with active compile tasks:
C2 CompilerThread0  6382065 1032       4       java.util.HashMap::putVal (300 bytes)

VM state: not at safepoint (normal execution)

VM Mutex/Monitor currently owned by a thread: None

Heap address: 0x000000008a800000, size: 1880 MB, Compressed Oops mode: 32-bit

CDS archive(s) mapped at: [0x0000000800000000-0x0000000800c40000-0x0000000800c40000), size 12845056, SharedBaseAddress: 0x0000000800000000, ArchiveRelocationMode: 0.
Compressed class space mapped at: 0x0000000801000000-0x0000000841000000, reserved size: 1073741824
Narrow klass base: 0x0000000800000000, Narrow klass shift: 0, Narrow klass range: 0x100000000

GC Precious Log:
 CardTable entry size: 512
 Card Set container configuration: InlinePtr #cards 5 size 8 Array Of Cards #cards 12 size 40 Howl #buckets 4 coarsen threshold 1843 Howl Bitmap #cards 512 size 80 coarsen threshold 460 Card regions per heap region 1 cards per card region 2048
 CPUs: 12 total, 12 available
 Memory: 7514M
 Large Page Support: Disabled
 NUMA Support: Disabled
 Compressed Oops: Enabled (32-bit)
 Heap Region Size: 1M
 Heap Min Capacity: 8M
 Heap Initial Capacity: 118M
 Heap Max Capacity: 1880M
 Pre-touch: Disabled
 Parallel Workers: 10
 Concurrent Workers: 3
 Concurrent Refinement Workers: 10
 Periodic GC: Disabled

Heap:
 garbage-first heap   total 120832K, used 10240K [0x000000008a800000, 0x0000000100000000)
  region size 1024K, 11 young (11264K), 0 survivors (0K)
 Metaspace       used 8272K, committed 8512K, reserved 1114112K
  class space    used 908K, committed 1024K, reserved 1048576K

Heap Regions: E=young(eden), S=young(survivor), O=old, HS=humongous(starts), HC=humongous(continues), CS=collection set, F=free, OA=open archive, CA=closed archive, TAMS=top-at-mark-start (previous, next)
|   0|0x000000008a800000, 0x000000008a800000, 0x000000008a900000|  0%| F|  |TAMS 0x000000008a800000, 0x000000008a800000| Untracked 
|   1|0x000000008a900000, 0x000000008a900000, 0x000000008aa00000|  0%| F|  |TAMS 0x000000008a900000, 0x000000008a900000| Untracked 
|   2|0x000000008aa00000, 0x000000008aa00000, 0x000000008ab00000|  0%| F|  |TAMS 0x000000008aa00000, 0x000000008aa00000| Untracked 
|   3|0x000000008ab00000, 0x000000008ab00000, 0x000000008ac00000|  0%| F|  |TAMS 0x000000008ab00000, 0x000000008ab00000| Untracked 
|   4|0x000000008ac00000, 0x000000008ac00000, 0x000000008ad00000|  0%| F|  |TAMS 0x000000008ac00000, 0x000000008ac00000| Untracked 
|   5|0x000000008ad00000, 0x000000008ad00000, 0x000000008ae00000|  0%| F|  |TAMS 0x000000008ad00000, 0x000000008ad00000| Untracked 
|   6|0x000000008ae00000, 0x000000008ae00000, 0x000000008af00000|  0%| F|  |TAMS 0x000000008ae00000, 0x000000008ae00000| Untracked 
|   7|0x000000008af00000, 0x000000008af00000, 0x000000008b000000|  0%| F|  |TAMS 0x000000008af00000, 0x000000008af00000| Untracked 
|   8|0x000000008b000000, 0x000000008b000000, 0x000000008b100000|  0%| F|  |TAMS 0x000000008b000000, 0x000000008b000000| Untracked 
|   9|0x000000008b100000, 0x000000008b100000, 0x000000008b200000|  0%| F|  |TAMS 0x000000008b100000, 0x000000008b100000| Untracked 
|  10|0x000000008b200000, 0x000000008b200000, 0x000000008b300000|  0%| F|  |TAMS 0x000000008b200000, 0x000000008b200000| Untracked 
|  11|0x000000008b300000, 0x000000008b300000, 0x000000008b400000|  0%| F|  |TAMS 0x000000008b300000, 0x000000008b300000| Untracked 
|  12|0x000000008b400000, 0x000000008b400000, 0x000000008b500000|  0%| F|  |TAMS 0x000000008b400000, 0x000000008b400000| Untracked 
|  13|0x000000008b500000, 0x000000008b500000, 0x000000008b600000|  0%| F|  |TAMS 0x000000008b500000, 0x000000008b500000| Untracked 
|  14|0x000000008b600000, 0x000000008b600000, 0x000000008b700000|  0%| F|  |TAMS 0x000000008b600000, 0x000000008b600000| Untracked 
|  15|0x000000008b700000, 0x000000008b700000, 0x000000008b800000|  0%| F|  |TAMS 0x000000008b700000, 0x000000008b700000| Untracked 
|  16|0x000000008b800000, 0x000000008b800000, 0x000000008b900000|  0%| F|  |TAMS 0x000000008b800000, 0x000000008b800000| Untracked 
|  17|0x000000008b900000, 0x000000008b900000, 0x000000008ba00000|  0%| F|  |TAMS 0x000000008b900000, 0x000000008b900000| Untracked 
|  18|0x000000008ba00000, 0x000000008ba00000, 0x000000008bb00000|  0%| F|  |TAMS 0x000000008ba00000, 0x000000008ba00000| Untracked 
|  19|0x000000008bb00000, 0x000000008bb00000, 0x000000008bc00000|  0%| F|  |TAMS 0x000000008bb00000, 0x000000008bb00000| Untracked 
|  20|0x000000008bc00000, 0x000000008bc00000, 0x000000008bd00000|  0%| F|  |TAMS 0x000000008bc00000, 0x000000008bc00000| Untracked 
|  21|0x000000008bd00000, 0x000000008bd00000, 0x000000008be00000|  0%| F|  |TAMS 0x000000008bd00000, 0x000000008bd00000| Untracked 
|  22|0x000000008be00000, 0x000000008be00000, 0x000000008bf00000|  0%| F|  |TAMS 0x000000008be00000, 0x000000008be00000| Untracked 
|  23|0x000000008bf00000, 0x000000008bf00000, 0x000000008c000000|  0%| F|  |TAMS 0x000000008bf00000, 0x000000008bf00000| Untracked 
|  24|0x000000008c000000, 0x000000008c000000, 0x000000008c100000|  0%| F|  |TAMS 0x000000008c000000, 0x000000008c000000| Untracked 
|  25|0x000000008c100000, 0x000000008c100000, 0x000000008c200000|  0%| F|  |TAMS 0x000000008c100000, 0x000000008c100000| Untracked 
|  26|0x000000008c200000, 0x000000008c200000, 0x000000008c300000|  0%| F|  |TAMS 0x000000008c200000, 0x000000008c200000| Untracked 
|  27|0x000000008c300000, 0x000000008c300000, 0x000000008c400000|  0%| F|  |TAMS 0x000000008c300000, 0x000000008c300000| Untracked 
|  28|0x000000008c400000, 0x000000008c400000, 0x000000008c500000|  0%| F|  |TAMS 0x000000008c400000, 0x000000008c400000| Untracked 
|  29|0x000000008c500000, 0x000000008c500000, 0x000000008c600000|  0%| F|  |TAMS 0x000000008c500000, 0x000000008c500000| Untracked 
|  30|0x000000008c600000, 0x000000008c600000, 0x000000008c700000|  0%| F|  |TAMS 0x000000008c600000, 0x000000008c600000| Untracked 
|  31|0x000000008c700000, 0x000000008c700000, 0x000000008c800000|  0%| F|  |TAMS 0x000000008c700000, 0x000000008c700000| Untracked 
|  32|0x000000008c800000, 0x000000008c800000, 0x000000008c900000|  0%| F|  |TAMS 0x000000008c800000, 0x000000008c800000| Untracked 
|  33|0x000000008c900000, 0x000000008c900000, 0x000000008ca00000|  0%| F|  |TAMS 0x000000008c900000, 0x000000008c900000| Untracked 
|  34|0x000000008ca00000, 0x000000008ca00000, 0x000000008cb00000|  0%| F|  |TAMS 0x000000008ca00000, 0x000000008ca00000| Untracked 
|  35|0x000000008cb00000, 0x000000008cb00000, 0x000000008cc00000|  0%| F|  |TAMS 0x000000008cb00000, 0x000000008cb00000| Untracked 
|  36|0x000000008cc00000, 0x000000008cc00000, 0x000000008cd00000|  0%| F|  |TAMS 0x000000008cc00000, 0x000000008cc00000| Untracked 
|  37|0x000000008cd00000, 0x000000008cd00000, 0x000000008ce00000|  0%| F|  |TAMS 0x000000008cd00000, 0x000000008cd00000| Untracked 
|  38|0x000000008ce00000, 0x000000008ce00000, 0x000000008cf00000|  0%| F|  |TAMS 0x000000008ce00000, 0x000000008ce00000| Untracked 
|  39|0x000000008cf00000, 0x000000008cf00000, 0x000000008d000000|  0%| F|  |TAMS 0x000000008cf00000, 0x000000008cf00000| Untracked 
|  40|0x000000008d000000, 0x000000008d000000, 0x000000008d100000|  0%| F|  |TAMS 0x000000008d000000, 0x000000008d000000| Untracked 
|  41|0x000000008d100000, 0x000000008d100000, 0x000000008d200000|  0%| F|  |TAMS 0x000000008d100000, 0x000000008d100000| Untracked 
|  42|0x000000008d200000, 0x000000008d200000, 0x000000008d300000|  0%| F|  |TAMS 0x000000008d200000, 0x000000008d200000| Untracked 
|  43|0x000000008d300000, 0x000000008d300000, 0x000000008d400000|  0%| F|  |TAMS 0x000000008d300000, 0x000000008d300000| Untracked 
|  44|0x000000008d400000, 0x000000008d400000, 0x000000008d500000|  0%| F|  |TAMS 0x000000008d400000, 0x000000008d400000| Untracked 
|  45|0x000000008d500000, 0x000000008d500000, 0x000000008d600000|  0%| F|  |TAMS 0x000000008d500000, 0x000000008d500000| Untracked 
|  46|0x000000008d600000, 0x000000008d600000, 0x000000008d700000|  0%| F|  |TAMS 0x000000008d600000, 0x000000008d600000| Untracked 
|  47|0x000000008d700000, 0x000000008d700000, 0x000000008d800000|  0%| F|  |TAMS 0x000000008d700000, 0x000000008d700000| Untracked 
|  48|0x000000008d800000, 0x000000008d800000, 0x000000008d900000|  0%| F|  |TAMS 0x000000008d800000, 0x000000008d800000| Untracked 
|  49|0x000000008d900000, 0x000000008d900000, 0x000000008da00000|  0%| F|  |TAMS 0x000000008d900000, 0x000000008d900000| Untracked 
|  50|0x000000008da00000, 0x000000008da00000, 0x000000008db00000|  0%| F|  |TAMS 0x000000008da00000, 0x000000008da00000| Untracked 
|  51|0x000000008db00000, 0x000000008db00000, 0x000000008dc00000|  0%| F|  |TAMS 0x000000008db00000, 0x000000008db00000| Untracked 
|  52|0x000000008dc00000, 0x000000008dc00000, 0x000000008dd00000|  0%| F|  |TAMS 0x000000008dc00000, 0x000000008dc00000| Untracked 
|  53|0x000000008dd00000, 0x000000008dd00000, 0x000000008de00000|  0%| F|  |TAMS 0x000000008dd00000, 0x000000008dd00000| Untracked 
|  54|0x000000008de00000, 0x000000008de00000, 0x000000008df00000|  0%| F|  |TAMS 0x000000008de00000, 0x000000008de00000| Untracked 
|  55|0x000000008df00000, 0x000000008df00000, 0x000000008e000000|  0%| F|  |TAMS 0x000000008df00000, 0x000000008df00000| Untracked 
|  56|0x000000008e000000, 0x000000008e000000, 0x000000008e100000|  0%| F|  |TAMS 0x000000008e000000, 0x000000008e000000| Untracked 
|  57|0x000000008e100000, 0x000000008e100000, 0x000000008e200000|  0%| F|  |TAMS 0x000000008e100000, 0x000000008e100000| Untracked 
|  58|0x000000008e200000, 0x000000008e200000, 0x000000008e300000|  0%| F|  |TAMS 0x000000008e200000, 0x000000008e200000| Untracked 
|  59|0x000000008e300000, 0x000000008e300000, 0x000000008e400000|  0%| F|  |TAMS 0x000000008e300000, 0x000000008e300000| Untracked 
|  60|0x000000008e400000, 0x000000008e400000, 0x000000008e500000|  0%| F|  |TAMS 0x000000008e400000, 0x000000008e400000| Untracked 
|  61|0x000000008e500000, 0x000000008e500000, 0x000000008e600000|  0%| F|  |TAMS 0x000000008e500000, 0x000000008e500000| Untracked 
|  62|0x000000008e600000, 0x000000008e600000, 0x000000008e700000|  0%| F|  |TAMS 0x000000008e600000, 0x000000008e600000| Untracked 
|  63|0x000000008e700000, 0x000000008e700000, 0x000000008e800000|  0%| F|  |TAMS 0x000000008e700000, 0x000000008e700000| Untracked 
|  64|0x000000008e800000, 0x000000008e800000, 0x000000008e900000|  0%| F|  |TAMS 0x000000008e800000, 0x000000008e800000| Untracked 
|  65|0x000000008e900000, 0x000000008e900000, 0x000000008ea00000|  0%| F|  |TAMS 0x000000008e900000, 0x000000008e900000| Untracked 
|  66|0x000000008ea00000, 0x000000008ea00000, 0x000000008eb00000|  0%| F|  |TAMS 0x000000008ea00000, 0x000000008ea00000| Untracked 
|  67|0x000000008eb00000, 0x000000008eb00000, 0x000000008ec00000|  0%| F|  |TAMS 0x000000008eb00000, 0x000000008eb00000| Untracked 
|  68|0x000000008ec00000, 0x000000008ec00000, 0x000000008ed00000|  0%| F|  |TAMS 0x000000008ec00000, 0x000000008ec00000| Untracked 
|  69|0x000000008ed00000, 0x000000008ed00000, 0x000000008ee00000|  0%| F|  |TAMS 0x000000008ed00000, 0x000000008ed00000| Untracked 
|  70|0x000000008ee00000, 0x000000008ee00000, 0x000000008ef00000|  0%| F|  |TAMS 0x000000008ee00000, 0x000000008ee00000| Untracked 
|  71|0x000000008ef00000, 0x000000008ef00000, 0x000000008f000000|  0%| F|  |TAMS 0x000000008ef00000, 0x000000008ef00000| Untracked 
|  72|0x000000008f000000, 0x000000008f000000, 0x000000008f100000|  0%| F|  |TAMS 0x000000008f000000, 0x000000008f000000| Untracked 
|  73|0x000000008f100000, 0x000000008f100000, 0x000000008f200000|  0%| F|  |TAMS 0x000000008f100000, 0x000000008f100000| Untracked 
|  74|0x000000008f200000, 0x000000008f200000, 0x000000008f300000|  0%| F|  |TAMS 0x000000008f200000, 0x000000008f200000| Untracked 
|  75|0x000000008f300000, 0x000000008f300000, 0x000000008f400000|  0%| F|  |TAMS 0x000000008f300000, 0x000000008f300000| Untracked 
|  76|0x000000008f400000, 0x000000008f400000, 0x000000008f500000|  0%| F|  |TAMS 0x000000008f400000, 0x000000008f400000| Untracked 
|  77|0x000000008f500000, 0x000000008f500000, 0x000000008f600000|  0%| F|  |TAMS 0x000000008f500000, 0x000000008f500000| Untracked 
|  78|0x000000008f600000, 0x000000008f600000, 0x000000008f700000|  0%| F|  |TAMS 0x000000008f600000, 0x000000008f600000| Untracked 
|  79|0x000000008f700000, 0x000000008f700000, 0x000000008f800000|  0%| F|  |TAMS 0x000000008f700000, 0x000000008f700000| Untracked 
|  80|0x000000008f800000, 0x000000008f800000, 0x000000008f900000|  0%| F|  |TAMS 0x000000008f800000, 0x000000008f800000| Untracked 
|  81|0x000000008f900000, 0x000000008f900000, 0x000000008fa00000|  0%| F|  |TAMS 0x000000008f900000, 0x000000008f900000| Untracked 
|  82|0x000000008fa00000, 0x000000008fa00000, 0x000000008fb00000|  0%| F|  |TAMS 0x000000008fa00000, 0x000000008fa00000| Untracked 
|  83|0x000000008fb00000, 0x000000008fb00000, 0x000000008fc00000|  0%| F|  |TAMS 0x000000008fb00000, 0x000000008fb00000| Untracked 
|  84|0x000000008fc00000, 0x000000008fc00000, 0x000000008fd00000|  0%| F|  |TAMS 0x000000008fc00000, 0x000000008fc00000| Untracked 
|  85|0x000000008fd00000, 0x000000008fd00000, 0x000000008fe00000|  0%| F|  |TAMS 0x000000008fd00000, 0x000000008fd00000| Untracked 
|  86|0x000000008fe00000, 0x000000008fe00000, 0x000000008ff00000|  0%| F|  |TAMS 0x000000008fe00000, 0x000000008fe00000| Untracked 
|  87|0x000000008ff00000, 0x000000008ff00000, 0x0000000090000000|  0%| F|  |TAMS 0x000000008ff00000, 0x000000008ff00000| Untracked 
|  88|0x0000000090000000, 0x0000000090000000, 0x0000000090100000|  0%| F|  |TAMS 0x0000000090000000, 0x0000000090000000| Untracked 
|  89|0x0000000090100000, 0x0000000090100000, 0x0000000090200000|  0%| F|  |TAMS 0x0000000090100000, 0x0000000090100000| Untracked 
|  90|0x0000000090200000, 0x0000000090200000, 0x0000000090300000|  0%| F|  |TAMS 0x0000000090200000, 0x0000000090200000| Untracked 
|  91|0x0000000090300000, 0x0000000090300000, 0x0000000090400000|  0%| F|  |TAMS 0x0000000090300000, 0x0000000090300000| Untracked 
|  92|0x0000000090400000, 0x0000000090400000, 0x0000000090500000|  0%| F|  |TAMS 0x0000000090400000, 0x0000000090400000| Untracked 
|  93|0x0000000090500000, 0x0000000090500000, 0x0000000090600000|  0%| F|  |TAMS 0x0000000090500000, 0x0000000090500000| Untracked 
|  94|0x0000000090600000, 0x0000000090600000, 0x0000000090700000|  0%| F|  |TAMS 0x0000000090600000, 0x0000000090600000| Untracked 
|  95|0x0000000090700000, 0x0000000090700000, 0x0000000090800000|  0%| F|  |TAMS 0x0000000090700000, 0x0000000090700000| Untracked 
|  96|0x0000000090800000, 0x0000000090800000, 0x0000000090900000|  0%| F|  |TAMS 0x0000000090800000, 0x0000000090800000| Untracked 
|  97|0x0000000090900000, 0x0000000090900000, 0x0000000090a00000|  0%| F|  |TAMS 0x0000000090900000, 0x0000000090900000| Untracked 
|  98|0x0000000090a00000, 0x0000000090a00000, 0x0000000090b00000|  0%| F|  |TAMS 0x0000000090a00000, 0x0000000090a00000| Untracked 
|  99|0x0000000090b00000, 0x0000000090b00000, 0x0000000090c00000|  0%| F|  |TAMS 0x0000000090b00000, 0x0000000090b00000| Untracked 
| 100|0x0000000090c00000, 0x0000000090c00000, 0x0000000090d00000|  0%| F|  |TAMS 0x0000000090c00000, 0x0000000090c00000| Untracked 
| 101|0x0000000090d00000, 0x0000000090d00000, 0x0000000090e00000|  0%| F|  |TAMS 0x0000000090d00000, 0x0000000090d00000| Untracked 
| 102|0x0000000090e00000, 0x0000000090e00000, 0x0000000090f00000|  0%| F|  |TAMS 0x0000000090e00000, 0x0000000090e00000| Untracked 
| 103|0x0000000090f00000, 0x0000000090f00000, 0x0000000091000000|  0%| F|  |TAMS 0x0000000090f00000, 0x0000000090f00000| Untracked 
| 104|0x0000000091000000, 0x0000000091000000, 0x0000000091100000|  0%| F|  |TAMS 0x0000000091000000, 0x0000000091000000| Untracked 
| 105|0x0000000091100000, 0x0000000091100000, 0x0000000091200000|  0%| F|  |TAMS 0x0000000091100000, 0x0000000091100000| Untracked 
| 106|0x0000000091200000, 0x0000000091200000, 0x0000000091300000|  0%| F|  |TAMS 0x0000000091200000, 0x0000000091200000| Untracked 
| 107|0x0000000091300000, 0x0000000091376438, 0x0000000091400000| 46%| E|  |TAMS 0x0000000091300000, 0x0000000091300000| Complete 
| 108|0x0000000091400000, 0x0000000091500000, 0x0000000091500000|100%| E|CS|TAMS 0x0000000091400000, 0x0000000091400000| Complete 
| 109|0x0000000091500000, 0x0000000091600000, 0x0000000091600000|100%| E|CS|TAMS 0x0000000091500000, 0x0000000091500000| Complete 
| 110|0x0000000091600000, 0x0000000091700000, 0x0000000091700000|100%| E|CS|TAMS 0x0000000091600000, 0x0000000091600000| Complete 
| 111|0x0000000091700000, 0x0000000091800000, 0x0000000091800000|100%| E|CS|TAMS 0x0000000091700000, 0x0000000091700000| Complete 
| 112|0x0000000091800000, 0x0000000091900000, 0x0000000091900000|100%| E|CS|TAMS 0x0000000091800000, 0x0000000091800000| Complete 
| 113|0x0000000091900000, 0x0000000091a00000, 0x0000000091a00000|100%| E|CS|TAMS 0x0000000091900000, 0x0000000091900000| Complete 
| 114|0x0000000091a00000, 0x0000000091b00000, 0x0000000091b00000|100%| E|CS|TAMS 0x0000000091a00000, 0x0000000091a00000| Complete 
| 115|0x0000000091b00000, 0x0000000091c00000, 0x0000000091c00000|100%| E|CS|TAMS 0x0000000091b00000, 0x0000000091b00000| Complete 
| 116|0x0000000091c00000, 0x0000000091d00000, 0x0000000091d00000|100%| E|CS|TAMS 0x0000000091c00000, 0x0000000091c00000| Complete 
| 117|0x0000000091d00000, 0x0000000091e00000, 0x0000000091e00000|100%| E|CS|TAMS 0x0000000091d00000, 0x0000000091d00000| Complete 

Card table byte_map: [0x0000022a62560000,0x0000022a62910000] _byte_map_base: 0x0000022a6210c000

Marking Bits (Prev, Next): (CMBitMap*) 0x0000022a4ad5a480, (CMBitMap*) 0x0000022a4ad5a4c0
 Prev Bits: [0x0000022a62cc0000, 0x0000022a64a20000)
 Next Bits: [0x0000022a64a20000, 0x0000022a66780000)

Polling page: 0x0000022a4a4c0000

Metaspace:

Usage:
  Non-class:      7.19 MB used.
      Class:    908.66 KB used.
       Both:      8.08 MB used.

Virtual space:
  Non-class space:       64.00 MB reserved,       7.31 MB ( 11%) committed,  1 nodes.
      Class space:        1.00 GB reserved,       1.00 MB ( <1%) committed,  1 nodes.
             Both:        1.06 GB reserved,       8.31 MB ( <1%) committed. 

Chunk freelists:
   Non-Class:  490.00 KB
       Class:  3.04 MB
        Both:  3.52 MB

MaxMetaspaceSize: unlimited
CompressedClassSpaceSize: 1.00 GB
Initial GC threshold: 21.00 MB
Current GC threshold: 21.00 MB
CDS: on
MetaspaceReclaimPolicy: balanced
 - commit_granule_bytes: 65536.
 - commit_granule_words: 8192.
 - virtual_space_node_default_size: 8388608.
 - enlarge_chunks_in_place: 1.
 - new_chunks_are_fully_committed: 0.
 - uncommit_free_chunks: 1.
 - use_allocation_guard: 0.


Internal statistics:

num_allocs_failed_limit: 0.
num_arena_births: 150.
num_arena_deaths: 0.
num_vsnodes_births: 2.
num_vsnodes_deaths: 0.
num_space_committed: 133.
num_space_uncommitted: 0.
num_chunks_returned_to_freelist: 0.
num_chunks_taken_from_freelist: 166.
num_chunk_merges: 0.
num_chunk_splits: 112.
num_chunks_enlarged: 74.
num_inconsistent_stats: 0.

CodeHeap 'non-profiled nmethods': size=120000Kb used=291Kb max_used=291Kb free=119709Kb
 bounds [0x0000022a5a730000, 0x0000022a5a9a0000, 0x0000022a61c60000]
CodeHeap 'profiled nmethods': size=120000Kb used=1644Kb max_used=1644Kb free=118355Kb
 bounds [0x0000022a52c60000, 0x0000022a52ed0000, 0x0000022a5a190000]
CodeHeap 'non-nmethods': size=5760Kb used=1383Kb max_used=1401Kb free=4376Kb
 bounds [0x0000022a5a190000, 0x0000022a5a400000, 0x0000022a5a730000]
 total_blobs=1665 nmethods=1031 adapters=545
 compilation: enabled
              stopped_count=0, restarted_count=0
 full_count=0

Compilation events (20 events):
Event: 3351.877 Thread 0x0000022a693ec650 nmethod 1022 0x0000022a52df5390 code [0x0000022a52df57e0, 0x0000022a52df7f28]
Event: 4440.820 Thread 0x0000022a693e9cd0 1023       4       java.util.concurrent.locks.ReentrantLock$Sync::tryRelease (51 bytes)
Event: 4440.827 Thread 0x0000022a693e9cd0 nmethod 1023 0x0000022a5a774f90 code [0x0000022a5a775120, 0x0000022a5a775238]
Event: 4680.836 Thread 0x0000022a693e9cd0 1024       4       java.util.concurrent.locks.AbstractQueuedSynchronizer::signalNext (34 bytes)
Event: 4680.855 Thread 0x0000022a693e9cd0 nmethod 1024 0x0000022a5a775310 code [0x0000022a5a7754a0, 0x0000022a5a7755c8]
Event: 4798.173 Thread 0x0000022a693ec650 1025       3       java.util.HashMap$EntryIterator::next (5 bytes)
Event: 4798.174 Thread 0x0000022a693ec650 nmethod 1025 0x0000022a52df8e90 code [0x0000022a52df9040, 0x0000022a52df91c8]
Event: 4798.174 Thread 0x0000022a693ec650 1026       3       java.util.HashMap$EntryIterator::next (5 bytes)
Event: 4798.175 Thread 0x0000022a693ec650 nmethod 1026 0x0000022a52df9290 code [0x0000022a52df9440, 0x0000022a52df9588]
Event: 4798.465 Thread 0x0000022a693ec650 1027       3       java.util.HashMap$KeyIterator::next (8 bytes)
Event: 4798.467 Thread 0x0000022a693ec650 nmethod 1027 0x0000022a52df9610 code [0x0000022a52df97c0, 0x0000022a52df9908]
Event: 4798.469 Thread 0x0000022a693ec650 1028       3       java.beans.PropertyChangeSupport::firePropertyChange (35 bytes)
Event: 4798.471 Thread 0x0000022a693ec650 nmethod 1028 0x0000022a52df9a10 code [0x0000022a52df9c20, 0x0000022a52dfa3c8]
Event: 5528.049 Thread 0x0000022a693e9cd0 1029 % !   4       sun.java2d.d3d.D3DScreenUpdateManager::run @ 0 (268 bytes)
Event: 5528.083 Thread 0x0000022a693e9cd0 nmethod 1029% 0x0000022a5a775710 code [0x0000022a5a775920, 0x0000022a5a776748]
Event: 6049.454 Thread 0x0000022a693e9cd0 1030 % !   4       sun.java2d.d3d.D3DScreenUpdateManager::run @ 105 (268 bytes)
Event: 6049.481 Thread 0x0000022a693e9cd0 nmethod 1030% 0x0000022a5a777090 code [0x0000022a5a7772a0, 0x0000022a5a7782a8]
Event: 6381.994 Thread 0x0000022a693ec650 1031   !   3       java.awt.Toolkit::setDesktopProperty (81 bytes)
Event: 6381.995 Thread 0x0000022a693e9cd0 1032       4       java.util.HashMap::putVal (300 bytes)
Event: 6381.999 Thread 0x0000022a693ec650 nmethod 1031 0x0000022a52dfa610 code [0x0000022a52dfa820, 0x0000022a52dfb068]

GC Heap History (0 events):
No events

Dll operation events (9 events):
Event: 0.017 Loaded shared library C:\Program Files\Java\jdk-19\bin\java.dll
Event: 0.034 Loaded shared library C:\Program Files\Java\jdk-19\bin\jsvml.dll
Event: 0.134 Loaded shared library C:\Program Files\Java\jdk-19\bin\jimage.dll
Event: 0.146 Loaded shared library C:\Program Files\Java\jdk-19\bin\net.dll
Event: 0.150 Loaded shared library C:\Program Files\Java\jdk-19\bin\nio.dll
Event: 0.158 Loaded shared library C:\Program Files\Java\jdk-19\bin\zip.dll
Event: 0.190 Loaded shared library C:\Program Files\Java\jdk-19\bin\awt.dll
Event: 0.724 Loaded shared library C:\Program Files\Java\jdk-19\bin\freetype.dll
Event: 0.726 Loaded shared library C:\Program Files\Java\jdk-19\bin\fontmanager.dll

Deoptimization events (20 events):
Event: 0.677 Thread 0x0000022a4acfd330 DEOPT PACKING pc=0x0000022a5a74f324 sp=0x0000003708aff240
Event: 0.677 Thread 0x0000022a4acfd330 DEOPT UNPACKING pc=0x0000022a5a1f6da3 sp=0x0000003708aff1e0 mode 2
Event: 0.772 Thread 0x0000022a4acfd330 Uncommon trap: trap_request=0xffffff45 fr.pc=0x0000022a5a75757c relative=0x00000000000004bc
Event: 0.772 Thread 0x0000022a4acfd330 Uncommon trap: reason=unstable_if action=reinterpret pc=0x0000022a5a75757c method=java.lang.StringLatin1.replace([BCC)Ljava/lang/String; @ 19 c2
Event: 0.772 Thread 0x0000022a4acfd330 DEOPT PACKING pc=0x0000022a5a75757c sp=0x0000003708afe5e0
Event: 0.772 Thread 0x0000022a4acfd330 DEOPT UNPACKING pc=0x0000022a5a1f6da3 sp=0x0000003708afe560 mode 2
Event: 212.315 Thread 0x0000022a6e01b0a0 Uncommon trap: trap_request=0xffffff45 fr.pc=0x0000022a5a76b050 relative=0x00000000000000b0
Event: 212.315 Thread 0x0000022a6e01b0a0 Uncommon trap: reason=unstable_if action=reinterpret pc=0x0000022a5a76b050 method=java.awt.Component.inside(II)Z @ 13 c2
Event: 212.315 Thread 0x0000022a6e01b0a0 DEOPT PACKING pc=0x0000022a5a76b050 sp=0x000000370abfee40
Event: 212.315 Thread 0x0000022a6e01b0a0 DEOPT UNPACKING pc=0x0000022a5a1f6da3 sp=0x000000370abfece0 mode 2
Event: 486.290 Thread 0x0000022a6d93a5f0 Uncommon trap: trap_request=0xffffffcc fr.pc=0x0000022a5a771e60 relative=0x0000000000000240
Event: 486.290 Thread 0x0000022a6d93a5f0 Uncommon trap: reason=intrinsic_or_type_checked_inlining action=make_not_entrant pc=0x0000022a5a771e60 method=java.util.Arrays.copyOf([Ljava/lang/Object;ILjava/lang/Class;)[Ljava/lang/Object; @ 35 c2
Event: 486.290 Thread 0x0000022a6d93a5f0 DEOPT PACKING pc=0x0000022a5a771e60 sp=0x000000370adff240
Event: 486.290 Thread 0x0000022a6d93a5f0 DEOPT UNPACKING pc=0x0000022a5a1f6da3 sp=0x000000370adff1d0 mode 2
Event: 582.970 Thread 0x0000022a6d93a5f0 Uncommon trap: trap_request=0xffffffdc fr.pc=0x0000022a5a773a2c relative=0x000000000000018c
Event: 582.970 Thread 0x0000022a6d93a5f0 Uncommon trap: reason=class_check action=make_not_entrant pc=0x0000022a5a773a2c method=java.util.ArrayList.toArray([Ljava/lang/Object;)[Ljava/lang/Object; @ 21 c2
Event: 582.970 Thread 0x0000022a6d93a5f0 DEOPT PACKING pc=0x0000022a5a773a2c sp=0x000000370adff2a0
Event: 582.970 Thread 0x0000022a6d93a5f0 DEOPT UNPACKING pc=0x0000022a5a1f6da3 sp=0x000000370adff260 mode 2
Event: 5994.353 Thread 0x0000022a6d93a5f0 DEOPT PACKING pc=0x0000022a52df412b sp=0x000000370adff250
Event: 5994.354 Thread 0x0000022a6d93a5f0 DEOPT UNPACKING pc=0x0000022a5a1f7543 sp=0x000000370adfe7e0 mode 0

Classes loaded (20 events):
Event: 1.033 Loading class java/awt/TextComponent
Event: 1.033 Loading class java/awt/TextComponent done
Event: 1.035 Loading class java/awt/KeyboardFocusManager$3
Event: 1.035 Loading class java/awt/KeyboardFocusManager$3 done
Event: 1.047 Loading class sun/awt/im/CompositionAreaHandler
Event: 1.047 Loading class sun/awt/im/CompositionAreaHandler done
Event: 1.047 Loading class java/text/AttributedString
Event: 1.047 Loading class java/text/AttributedString done
Event: 1.047 Loading class java/text/AttributedString$AttributedStringIterator
Event: 1.047 Loading class java/text/AttributedCharacterIterator
Event: 1.047 Loading class java/text/AttributedCharacterIterator done
Event: 1.047 Loading class java/text/AttributedString$AttributedStringIterator done
Event: 1.048 Loading class java/awt/event/ContainerEvent
Event: 1.048 Loading class java/awt/event/ContainerEvent done
Event: 212.316 Loading class java/awt/LightweightDispatcher$2
Event: 212.316 Loading class java/awt/LightweightDispatcher$2 done
Event: 5791.015 Loading class java/awt/desktop/SystemSleepListener
Event: 5791.020 Loading class java/awt/desktop/SystemEventListener
Event: 5791.020 Loading class java/awt/desktop/SystemEventListener done
Event: 5791.021 Loading class java/awt/desktop/SystemSleepListener done

Classes unloaded (0 events):
No events

Classes redefined (0 events):
No events

Internal exceptions (14 events):
Event: 0.168 Thread 0x0000022a4acfd330 Exception <a 'java/lang/ClassNotFoundException'{0x0000000091c6fc98}: sun/awt/resources/spi/awtProvider> (0x0000000091c6fc98) 
thrown [s\open\src\hotspot\share\classfile\systemDictionary.cpp, line 255]
Event: 0.220 Thread 0x0000022a4acfd330 Exception <a 'java/io/FileNotFoundException'{0x0000000091b3f7b8}> (0x0000000091b3f7b8) 
thrown [s\open\src\hotspot\share\prims\jni.cpp, line 517]
Event: 0.235 Thread 0x0000022a4acfd330 Exception <a 'java/io/FileNotFoundException'{0x0000000091b6bcb8}> (0x0000000091b6bcb8) 
thrown [s\open\src\hotspot\share\prims\jni.cpp, line 517]
Event: 0.309 Thread 0x0000022a4acfd330 Exception <a 'java/lang/NoSuchMethodError'{0x0000000091bb5f90}: 'java.lang.Object java.lang.invoke.DirectMethodHandle$Holder.invokeStaticInit(java.lang.Object)'> (0x0000000091bb5f90) 
thrown [s\open\src\hotspot\share\interpreter\linkResolver.cpp, line 774]
Event: 0.508 Thread 0x0000022a4acfd330 Exception <a 'java/lang/NoSuchMethodError'{0x0000000091a96988}: 'void java.lang.invoke.DirectMethodHandle$Holder.invokeSpecial(java.lang.Object, java.lang.Object, java.lang.Object)'> (0x0000000091a96988) 
thrown [s\open\src\hotspot\share\interpreter\linkResolver.cpp, line 774]
Event: 0.524 Thread 0x0000022a4acfd330 Exception <a 'java/lang/NoSuchMethodError'{0x0000000091ac14d0}: 'java.lang.Object java.lang.invoke.DirectMethodHandle$Holder.newInvokeSpecial(java.lang.Object, java.lang.Object, java.lang.Object, java.lang.Object, java.lang.Object)'> (0x0000000091ac14d0) 
thrown [s\open\src\hotspot\share\interpreter\linkResolver.cpp, line 774]
Event: 0.536 Thread 0x0000022a4acfd330 Exception <a 'java/lang/NoSuchMethodError'{0x0000000091906870}: 'java.lang.Object java.lang.invoke.DirectMethodHandle$Holder.invokeStatic(java.lang.Object, int, java.lang.Object)'> (0x0000000091906870) 
thrown [s\open\src\hotspot\share\interpreter\linkResolver.cpp, line 774]
Event: 0.584 Thread 0x0000022a4acfd330 Exception <a 'java/lang/ClassNotFoundException'{0x00000000919c2140}: com/sun/swing/internal/plaf/metal/resources/spi/metalProvider> (0x00000000919c2140) 
thrown [s\open\src\hotspot\share\classfile\systemDictionary.cpp, line 255]
Event: 0.585 Thread 0x0000022a4acfd330 Exception <a 'java/lang/ClassNotFoundException'{0x00000000919c60a0}: com/sun/swing/internal/plaf/basic/resources/spi/basicProvider> (0x00000000919c60a0) 
thrown [s\open\src\hotspot\share\classfile\systemDictionary.cpp, line 255]
Event: 0.602 Thread 0x0000022a4acfd330 Exception <a 'java/lang/NoSuchMethodError'{0x00000000919e6450}: 'int java.lang.invoke.Invokers$Holder.invokeExact_MT(java.lang.Object, java.lang.Object)'> (0x00000000919e6450) 
thrown [s\open\src\hotspot\share\interpreter\linkResolver.cpp, line 774]
Event: 0.659 Thread 0x0000022a6dffe010 Exception <a 'java/lang/NoSuchMethodError'{0x0000000091884b50}: 'java.lang.Object java.lang.invoke.DirectMethodHandle$Holder.newInvokeSpecial(java.lang.Object, java.lang.Object, java.lang.Object, int, int, int, int, int)'> (0x0000000091884b50) 
thrown [s\open\src\hotspot\share\interpreter\linkResolver.cpp, line 774]
Event: 0.695 Thread 0x0000022a6db0c200 Exception <a 'java/lang/NoSuchMethodError'{0x0000000091a0fbe0}: 'void java.lang.invoke.DirectMethodHandle$Holder.invokeVirtual(java.lang.Object, java.lang.Object)'> (0x0000000091a0fbe0) 
thrown [s\open\src\hotspot\share\interpreter\linkResolver.cpp, line 774]
Event: 0.717 Thread 0x0000022a4acfd330 Exception <a 'java/lang/NoSuchMethodError'{0x000000009183dba0}: 'void java.lang.invoke.DirectMethodHandle$Holder.invokeStaticInit(java.lang.Object)'> (0x000000009183dba0) 
thrown [s\open\src\hotspot\share\interpreter\linkResolver.cpp, line 774]
Event: 0.733 Thread 0x0000022a4acfd330 Exception <a 'java/io/FileNotFoundException'{0x0000000091849dd8}> (0x0000000091849dd8) 
thrown [s\open\src\hotspot\share\prims\jni.cpp, line 517]

VM Operations (20 events):
Event: 209.167 Executing VM operation: Cleanup
Event: 209.167 Executing VM operation: Cleanup done
Event: 210.168 Executing VM operation: Cleanup
Event: 210.169 Executing VM operation: Cleanup done
Event: 211.184 Executing VM operation: Cleanup
Event: 211.184 Executing VM operation: Cleanup done
Event: 212.195 Executing VM operation: Cleanup
Event: 212.195 Executing VM operation: Cleanup done
Event: 213.204 Executing VM operation: Cleanup
Event: 213.204 Executing VM operation: Cleanup done
Event: 214.215 Executing VM operation: Cleanup
Event: 214.215 Executing VM operation: Cleanup done
Event: 215.230 Executing VM operation: Cleanup
Event: 215.231 Executing VM operation: Cleanup done
Event: 587.195 Executing VM operation: Cleanup
Event: 587.195 Executing VM operation: Cleanup done
Event: 4501.121 Executing VM operation: Cleanup
Event: 4501.123 Executing VM operation: Cleanup done
Event: 4799.142 Executing VM operation: Cleanup
Event: 4799.143 Executing VM operation: Cleanup done

Events (20 events):
Event: 0.055 Thread 0x0000022a693dc3f0 Thread added: 0x0000022a693dc3f0
Event: 0.055 Thread 0x0000022a693dcfe0 Thread added: 0x0000022a693dcfe0
Event: 0.056 Thread 0x0000022a693e1fc0 Thread added: 0x0000022a693e1fc0
Event: 0.056 Thread 0x0000022a693e28f0 Thread added: 0x0000022a693e28f0
Event: 0.056 Thread 0x0000022a693e4230 Thread added: 0x0000022a693e4230
Event: 0.056 Thread 0x0000022a693e8060 Thread added: 0x0000022a693e8060
Event: 0.057 Thread 0x0000022a693e9cd0 Thread added: 0x0000022a693e9cd0
Event: 0.057 Thread 0x0000022a693ec650 Thread added: 0x0000022a693ec650
Event: 0.057 Thread 0x0000022a693fd780 Thread added: 0x0000022a693fd780
Event: 0.091 Thread 0x0000022a6d8f6690 Thread added: 0x0000022a6d8f6690
Event: 0.102 Thread 0x0000022a6d8fc2d0 Thread added: 0x0000022a6d8fc2d0
Event: 0.313 Thread 0x0000022a6db04020 Thread added: 0x0000022a6db04020
Event: 0.315 Thread 0x0000022a6db09200 Thread added: 0x0000022a6db09200
Event: 0.319 Thread 0x0000022a6db0c200 Thread added: 0x0000022a6db0c200
Event: 0.655 Thread 0x0000022a6dffe010 Thread added: 0x0000022a6dffe010
Event: 0.681 Thread 0x0000022a6e01b0a0 Thread added: 0x0000022a6e01b0a0
Event: 0.911 Thread 0x0000022a4acfd330 Thread exited: 0x0000022a4acfd330
Event: 0.911 Thread 0x0000022a4acfd330 Thread added: 0x0000022a4acfd330
Event: 0.926 Thread 0x0000022a6d93a5f0 Thread added: 0x0000022a6d93a5f0
Event: 5.687 Thread 0x0000022a6dffe010 Thread exited: 0x0000022a6dffe010


Dynamic libraries:
0x00007ff7f71f0000 - 0x00007ff7f7200000 	C:\Program Files\Java\jdk-19\bin\javaw.exe
0x00007ffa3f310000 - 0x00007ffa3f527000 	C:\WINDOWS\SYSTEM32\ntdll.dll
0x00007ffa27400000 - 0x00007ffa27419000 	C:\Program Files\Avast Software\Avast\aswhook.dll
0x00007ffa3dbd0000 - 0x00007ffa3dc94000 	C:\WINDOWS\System32\KERNEL32.DLL
0x00007ffa3c980000 - 0x00007ffa3cd26000 	C:\WINDOWS\System32\KERNELBASE.dll
0x00007ffa3c770000 - 0x00007ffa3c881000 	C:\WINDOWS\System32\ucrtbase.dll
0x00007ff9da650000 - 0x00007ff9da668000 	C:\Program Files\Java\jdk-19\bin\jli.dll
0x00007ffa3dca0000 - 0x00007ffa3dd51000 	C:\WINDOWS\System32\ADVAPI32.dll
0x00007ffa3d550000 - 0x00007ffa3d5f7000 	C:\WINDOWS\System32\msvcrt.dll
0x00007ff9da630000 - 0x00007ff9da64b000 	C:\Program Files\Java\jdk-19\bin\VCRUNTIME140.dll
0x00007ffa3f220000 - 0x00007ffa3f2c5000 	C:\WINDOWS\System32\sechost.dll
0x00007ffa3f000000 - 0x00007ffa3f117000 	C:\WINDOWS\System32\RPCRT4.dll
0x00007ffa3e820000 - 0x00007ffa3e9ce000 	C:\WINDOWS\System32\USER32.dll
0x00007ffa3c680000 - 0x00007ffa3c6a6000 	C:\WINDOWS\System32\win32u.dll
0x00007ffa3d610000 - 0x00007ffa3d639000 	C:\WINDOWS\System32\GDI32.dll
0x00007ffa2be70000 - 0x00007ffa2c103000 	C:\WINDOWS\WinSxS\amd64_microsoft.windows.common-controls_6595b64144ccf1df_6.0.22621.2506_none_270c5ae97388e100\COMCTL32.dll
0x00007ffa3cea0000 - 0x00007ffa3cfb8000 	C:\WINDOWS\System32\gdi32full.dll
0x00007ffa3cfc0000 - 0x00007ffa3d05a000 	C:\WINDOWS\System32\msvcp_win.dll
0x00007ffa34980000 - 0x00007ffa3498a000 	C:\WINDOWS\SYSTEM32\VERSION.dll
0x00007ffa3eb60000 - 0x00007ffa3eb91000 	C:\WINDOWS\System32\IMM32.DLL
0x00007ffa0b510000 - 0x00007ffa0b51c000 	C:\Program Files\Java\jdk-19\bin\vcruntime140_1.dll
0x00007ff9da560000 - 0x00007ff9da5ee000 	C:\Program Files\Java\jdk-19\bin\msvcp140.dll
0x00007ff9d98a0000 - 0x00007ff9da560000 	C:\Program Files\Java\jdk-19\bin\server\jvm.dll
0x00007ffa27740000 - 0x00007ffa27749000 	C:\WINDOWS\SYSTEM32\WSOCK32.dll
0x00007ffa3e9e0000 - 0x00007ffa3ea51000 	C:\WINDOWS\System32\WS2_32.dll
0x00007ffa35390000 - 0x00007ffa353c4000 	C:\WINDOWS\SYSTEM32\WINMM.dll
0x00007ffa3b680000 - 0x00007ffa3b698000 	C:\WINDOWS\SYSTEM32\kernel.appcore.dll
0x00007ffa0b330000 - 0x00007ffa0b33a000 	C:\Program Files\Java\jdk-19\bin\jimage.dll
0x00007ffa2eef0000 - 0x00007ffa2f123000 	C:\WINDOWS\SYSTEM32\DBGHELP.DLL
0x00007ffa3d140000 - 0x00007ffa3d4c9000 	C:\WINDOWS\System32\combase.dll
0x00007ffa3d060000 - 0x00007ffa3d137000 	C:\WINDOWS\System32\OLEAUT32.dll
0x00007ffa31b80000 - 0x00007ffa31bb2000 	C:\WINDOWS\SYSTEM32\dbgcore.DLL
0x00007ffa3c890000 - 0x00007ffa3c90a000 	C:\WINDOWS\System32\bcryptPrimitives.dll
0x00007ff9d9870000 - 0x00007ff9d9896000 	C:\Program Files\Java\jdk-19\bin\java.dll
0x00007ff9d9790000 - 0x00007ff9d9867000 	C:\Program Files\Java\jdk-19\bin\jsvml.dll
0x00007ffa3ddf0000 - 0x00007ffa3e64a000 	C:\WINDOWS\System32\SHELL32.dll
0x00007ffa3a5a0000 - 0x00007ffa3ae96000 	C:\WINDOWS\SYSTEM32\windows.storage.dll
0x00007ffa3a460000 - 0x00007ffa3a59e000 	C:\WINDOWS\SYSTEM32\wintypes.dll
0x00007ffa3ef00000 - 0x00007ffa3eff3000 	C:\WINDOWS\System32\SHCORE.dll
0x00007ffa3e650000 - 0x00007ffa3e6ae000 	C:\WINDOWS\System32\shlwapi.dll
0x00007ffa3c5b0000 - 0x00007ffa3c5d6000 	C:\WINDOWS\SYSTEM32\profapi.dll
0x00007ff9d92e0000 - 0x00007ff9d92f3000 	C:\Program Files\Java\jdk-19\bin\net.dll
0x00007ffa36120000 - 0x00007ffa36257000 	C:\WINDOWS\SYSTEM32\WINHTTP.dll
0x00007ffa3bb00000 - 0x00007ffa3bb69000 	C:\WINDOWS\system32\mswsock.dll
0x00007ff9d92c0000 - 0x00007ff9d92d6000 	C:\Program Files\Java\jdk-19\bin\nio.dll
0x00007ff9d92a0000 - 0x00007ff9d92b8000 	C:\Program Files\Java\jdk-19\bin\zip.dll
0x00007ff985910000 - 0x00007ff985aa1000 	C:\Program Files\Java\jdk-19\bin\awt.dll
0x00007ffa399f0000 - 0x00007ffa39a87000 	C:\WINDOWS\SYSTEM32\apphelp.dll
0x00007ffa39e10000 - 0x00007ffa39e3b000 	C:\WINDOWS\system32\DWMAPI.DLL
0x00007ffa39bb0000 - 0x00007ffa39c5b000 	C:\WINDOWS\system32\uxtheme.dll
0x00007ff9af160000 - 0x00007ff9af260000 	C:\WINDOWS\system32\opengl32.dll
0x00007ff9adf90000 - 0x00007ff9adfbd000 	C:\WINDOWS\SYSTEM32\GLU32.dll
0x00007ffa39cc0000 - 0x00007ffa39cf6000 	C:\WINDOWS\SYSTEM32\dxcore.dll
0x00007ffa3e6b0000 - 0x00007ffa3e800000 	C:\WINDOWS\System32\MSCTF.dll
0x00007ffa3ed60000 - 0x00007ffa3ef00000 	C:\WINDOWS\System32\ole32.dll
0x00007ffa31e30000 - 0x00007ffa31fd9000 	C:\WINDOWS\system32\d3d9.dll
0x00007ffa33b80000 - 0x00007ffa33d5b000 	C:\WINDOWS\System32\DriverStore\FileRepository\u0371182.inf_amd64_e046f8d87ec91fad\B371034\aticfx64.dll
0x00007ff9aa5c0000 - 0x00007ff9aa5f3000 	C:\WINDOWS\System32\DriverStore\FileRepository\u0371182.inf_amd64_e046f8d87ec91fad\B371034\atiu9p64.dll
0x00007ff9a60e0000 - 0x00007ff9a6dec000 	C:\WINDOWS\System32\DriverStore\FileRepository\u0371182.inf_amd64_e046f8d87ec91fad\B371034\atiumd64.dll
0x00000000612b0000 - 0x000000006216e000 	C:\WINDOWS\System32\DriverStore\FileRepository\u0371182.inf_amd64_e046f8d87ec91fad\B371034\atiumd6a.dll
0x00007ffa3c550000 - 0x00007ffa3c59d000 	C:\WINDOWS\SYSTEM32\POWRPROF.dll
0x00007ffa3bf20000 - 0x00007ffa3bf48000 	C:\WINDOWS\SYSTEM32\bcrypt.dll
0x00007ffa3c530000 - 0x00007ffa3c543000 	C:\WINDOWS\SYSTEM32\UMPDC.dll
0x00007ffa334b0000 - 0x00007ffa334df000 	C:\WINDOWS\SYSTEM32\amdihk64.dll
0x00007ffa36750000 - 0x00007ffa3679a000 	C:\WINDOWS\SYSTEM32\directxdatabasehelper.dll
0x00007ff985de0000 - 0x00007ff985e66000 	C:\Program Files\Java\jdk-19\bin\freetype.dll
0x00007ff985840000 - 0x00007ff985906000 	C:\Program Files\Java\jdk-19\bin\fontmanager.dll
0x00007ffa3eab0000 - 0x00007ffa3eb60000 	C:\WINDOWS\System32\clbcatq.dll
0x00007ffa38030000 - 0x00007ffa381e0000 	C:\WINDOWS\SYSTEM32\WindowsCodecs.dll
0x00007ffa36a10000 - 0x00007ffa36a6e000 	C:\WINDOWS\system32\dataexchange.dll
0x00007ffa36cf0000 - 0x00007ffa36f75000 	C:\WINDOWS\system32\twinapi.appcore.dll
0x00007ffa28450000 - 0x00007ffa2859a000 	C:\WINDOWS\SYSTEM32\textinputframework.dll
0x00007ffa39710000 - 0x00007ffa39843000 	C:\WINDOWS\SYSTEM32\CoreMessaging.dll
0x00007ffa35b10000 - 0x00007ffa35e7c000 	C:\WINDOWS\SYSTEM32\CoreUIComponents.dll
0x00007ffa3bd50000 - 0x00007ffa3bd5c000 	C:\WINDOWS\SYSTEM32\CRYPTBASE.DLL

dbghelp: loaded successfully - version: 4.0.5 - missing functions: none
symbol engine: initialized successfully - sym options: 0x614 - pdb path: .;C:\Program Files\Java\jdk-19\bin;C:\WINDOWS\SYSTEM32;C:\Program Files\Avast Software\Avast;C:\WINDOWS\WinSxS\amd64_microsoft.windows.common-controls_6595b64144ccf1df_6.0.22621.2506_none_270c5ae97388e100;C:\Program Files\Java\jdk-19\bin\server;C:\WINDOWS\System32\DriverStore\FileRepository\u0371182.inf_amd64_e046f8d87ec91fad\B371034

VM Arguments:
jvm_args: -Dfile.encoding=UTF-8 -Dstdout.encoding=UTF-8 -Dstderr.encoding=UTF-8 -XX:+ShowCodeDetailsInExceptionMessages 
java_command: view.main
java_class_path (initial): D:\My Homework\ck\bin;C:\Users\KIM THOA\Downloads\mysql-connector-java-8.0.20.jar
Launcher Type: SUN_STANDARD

[Global flags]
     intx CICompilerCount                          = 4                                         {product} {ergonomic}
     uint ConcGCThreads                            = 3                                         {product} {ergonomic}
     uint G1ConcRefinementThreads                  = 10                                        {product} {ergonomic}
   size_t G1HeapRegionSize                         = 1048576                                   {product} {ergonomic}
    uintx GCDrainStackTargetSize                   = 64                                        {product} {ergonomic}
   size_t InitialHeapSize                          = 123731968                                 {product} {ergonomic}
   size_t MarkStackSize                            = 4194304                                   {product} {ergonomic}
   size_t MaxHeapSize                              = 1971322880                                {product} {ergonomic}
   size_t MaxNewSize                               = 1182793728                                {product} {ergonomic}
   size_t MinHeapDeltaBytes                        = 1048576                                   {product} {ergonomic}
   size_t MinHeapSize                              = 8388608                                   {product} {ergonomic}
    uintx NonNMethodCodeHeapSize                   = 5839372                                {pd product} {ergonomic}
    uintx NonProfiledCodeHeapSize                  = 122909434                              {pd product} {ergonomic}
    uintx ProfiledCodeHeapSize                     = 122909434                              {pd product} {ergonomic}
    uintx ReservedCodeCacheSize                    = 251658240                              {pd product} {ergonomic}
     bool SegmentedCodeCache                       = true                                      {product} {ergonomic}
     bool ShowCodeDetailsInExceptionMessages       = true                                   {manageable} {command line}
   size_t SoftMaxHeapSize                          = 1971322880                             {manageable} {ergonomic}
     bool UseCompressedClassPointers               = true                           {product lp64_product} {ergonomic}
     bool UseCompressedOops                        = true                           {product lp64_product} {ergonomic}
     bool UseG1GC                                  = true                                      {product} {ergonomic}
     bool UseLargePagesIndividualAllocation        = false                                  {pd product} {ergonomic}

Logging:
Log output configuration:
 #0: stdout all=warning uptime,level,tags foldmultilines=false
 #1: stderr all=off uptime,level,tags foldmultilines=false

Environment Variables:
PATH=C:\Program Files\Common Files\Oracle\Java\javapath;C:\Windows\system32;C:\Windows;C:\Windows\System32\Wbem;C:\Windows\System32\WindowsPowerShell\v1.0\;C:\Windows\System32\OpenSSH\;C:\Program Files (x86)\NVIDIA Corporation\PhysX\Common;C:\Program Files\NVIDIA Corporation\NVIDIA NvDLISR;C:\WINDOWS\system32;C:\WINDOWS;C:\WINDOWS\System32\Wbem;C:\WINDOWS\System32\WindowsPowerShell\v1.0\;C:\WINDOWS\System32\OpenSSH\;C:\Program Files (x86)\Microsoft SQL Server\160\Tools\Binn\;C:\Program Files\Microsoft SQL Server\160\Tools\Binn\;C:\Program Files\Microsoft SQL Server\Client SDK\ODBC\170\Tools\Binn\;C:\Program Files\Microsoft SQL Server\160\DTS\Binn\;C:\Program Files (x86)\Microsoft SQL Server\160\DTS\Binn\;C:\Program Files\Azure Data Studio\bin;C:\Users\KIM THOA\AppData\Local\Microsoft\WindowsApps;;C:\Users\KIM THOA\AppData\Local\Programs\Microsoft VS Code\bin;C:\Program Files\Azure Data Studio\bin
USERNAME=KIM THOA
OS=Windows_NT
PROCESSOR_IDENTIFIER=AMD64 Family 23 Model 104 Stepping 1, AuthenticAMD
TMP=C:\Users\KIMTHO~1\AppData\Local\Temp
TEMP=C:\Users\KIMTHO~1\AppData\Local\Temp



---------------  S Y S T E M  ---------------

OS:
 Windows 11 , 64 bit Build 22621 (10.0.22621.2506)
OS uptime: 0 days 3:36 hours

CPU: total 12 (initial active 12) (12 cores per cpu, 2 threads per core) family 23 model 104 stepping 1 microcode 0x0, cx8, cmov, fxsr, ht, mmx, 3dnowpref, sse, sse2, sse3, ssse3, sse4a, sse4.1, sse4.2, popcnt, lzcnt, tsc, tscinvbit, avx, avx2, aes, clmul, bmi1, bmi2, adx, sha, fma, vzeroupper, clflush, clflushopt, rdtscp, rdpid

Memory: 4k page, system-wide physical 7514M (423M free)
TotalPageFile size 25076M (AvailPageFile size 0M)
current process WorkingSet (physical memory assigned to process): 28M, peak: 81M
current process commit charge ("private bytes"): 256M, peak: 257M

vm_info: Java HotSpot(TM) 64-Bit Server VM (19.0.2+7-44) for windows-amd64 JRE (19.0.2+7-44), built on 2022-11-30T18:02:09Z by "mach5one" with MS VC++ 17.1 (VS2022)

END.
