#
# There is insufficient memory for the Java Runtime Environment to continue.
# Native memory allocation (malloc) failed to allocate 32744 bytes for Chunk::new
# Possible reasons:
#   The system is out of physical RAM or swap space
#   The process is running with CompressedOops enabled, and the Java Heap may be blocking the growth of the native heap
# Possible solutions:
#   Reduce memory load on the system
#   Increase physical memory or swap space
#   Check if swap backing store is full
#   Decrease Java heap size (-Xmx/-Xms)
#   Decrease number of Java threads
#   Decrease Java thread stack sizes (-Xss)
#   Set larger code cache with -XX:ReservedCodeCacheSize=
#   JVM is running with Unscaled Compressed Oops mode in which the Java heap is
#     placed in the first 4GB address space. The Java Heap base address is the
#     maximum limit for the native heap growth. Please use -XX:HeapBaseMinAddress
#     to set the Java Heap base and to place the Java Heap above 4GB virtual address.
# This output file may be truncated or incomplete.
#
#  Out of Memory Error (arena.cpp:184), pid=18280, tid=7088
#
# JRE version: Java(TM) SE Runtime Environment (19.0.2+7) (build 19.0.2+7-44)
# Java VM: Java HotSpot(TM) 64-Bit Server VM (19.0.2+7-44, mixed mode, sharing, tiered, compressed oops, compressed class ptrs, g1 gc, windows-amd64)
# No core dump will be written. Minidumps are not enabled by default on client versions of Windows
#

---------------  S U M M A R Y ------------

Command Line: -Dfile.encoding=UTF-8 -Dstdout.encoding=UTF-8 -Dstderr.encoding=UTF-8 -XX:+ShowCodeDetailsInExceptionMessages view.main

Host: AMD Ryzen 5 5500U with Radeon Graphics         , 12 cores, 7G,  Windows 11 , 64 bit Build 22621 (10.0.22621.2506)
Time: Fri Dec 29 23:00:02 2023 SE Asia Standard Time elapsed time: 7509.864467 seconds (0d 2h 5m 9s)

---------------  T H R E A D  ---------------

Current thread (0x000001deb1266350):  JavaThread "C2 CompilerThread0" daemon [_thread_in_native, id=7088, stack(0x00000065d5d00000,0x00000065d5e00000)]


Current CompileTask:
C2:7509864 1154       4       java.util.HashMap::putVal (300 bytes)

Stack: [0x00000065d5d00000,0x00000065d5e00000]
Native frames: (J=compiled Java code, j=interpreted, Vv=VM code, C=native code)
V  [jvm.dll+0x6ee21a]
V  [jvm.dll+0x85765e]
V  [jvm.dll+0x85904e]
V  [jvm.dll+0x859703]
V  [jvm.dll+0x28298f]
V  [jvm.dll+0xc9adf]
V  [jvm.dll+0xc9e65]
V  [jvm.dll+0x67f497]
V  [jvm.dll+0x680c05]
V  [jvm.dll+0x67f064]
V  [jvm.dll+0x24c25e]
V  [jvm.dll+0x24b781]
V  [jvm.dll+0x1d6ce1]
V  [jvm.dll+0x25b25a]
V  [jvm.dll+0x2596e8]
V  [jvm.dll+0x807588]
V  [jvm.dll+0x80125a]
V  [jvm.dll+0x6ecf0b]
C  [ucrtbase.dll+0x29363]
C  [KERNEL32.DLL+0x1257d]
C  [ntdll.dll+0x5aa58]


---------------  P R O C E S S  ---------------

Threads class SMR info:
_java_thread_list=0x000001deb5fe72e0, length=18, elements={
0x000001deb124baf0, 0x000001deb124c7b0, 0x000001deb1252550, 0x000001deb1254e90,
0x000001deb12578a0, 0x000001deb125b6d0, 0x000001deb1266350, 0x000001deb1266cc0,
0x000001deb1279e00, 0x000001deb54f5d30, 0x000001deb54f9100, 0x000001deb5704710,
0x000001deb5708730, 0x000001deb570f9d0, 0x000001deb60131d0, 0x000001de92b5e580,
0x000001deb55420e0, 0x000001deb61880c0
}

Java Threads: ( => current thread )
  0x000001deb124baf0 JavaThread "Reference Handler" daemon [_thread_blocked, id=5192, stack(0x00000065d5700000,0x00000065d5800000)]
  0x000001deb124c7b0 JavaThread "Finalizer" daemon [_thread_blocked, id=18708, stack(0x00000065d5800000,0x00000065d5900000)]
  0x000001deb1252550 JavaThread "Signal Dispatcher" daemon [_thread_blocked, id=23084, stack(0x00000065d5900000,0x00000065d5a00000)]
  0x000001deb1254e90 JavaThread "Attach Listener" daemon [_thread_blocked, id=21368, stack(0x00000065d5a00000,0x00000065d5b00000)]
  0x000001deb12578a0 JavaThread "Service Thread" daemon [_thread_blocked, id=2392, stack(0x00000065d5b00000,0x00000065d5c00000)]
  0x000001deb125b6d0 JavaThread "Monitor Deflation Thread" daemon [_thread_blocked, id=24080, stack(0x00000065d5c00000,0x00000065d5d00000)]
=>0x000001deb1266350 JavaThread "C2 CompilerThread0" daemon [_thread_in_native, id=7088, stack(0x00000065d5d00000,0x00000065d5e00000)]
  0x000001deb1266cc0 JavaThread "C1 CompilerThread0" daemon [_thread_blocked, id=15952, stack(0x00000065d5e00000,0x00000065d5f00000)]
  0x000001deb1279e00 JavaThread "Sweeper thread" daemon [_thread_blocked, id=23280, stack(0x00000065d5f00000,0x00000065d6000000)]
  0x000001deb54f5d30 JavaThread "Notification Thread" daemon [_thread_blocked, id=20332, stack(0x00000065d6000000,0x00000065d6100000)]
  0x000001deb54f9100 JavaThread "Common-Cleaner" daemon [_thread_blocked, id=20324, stack(0x00000065d6200000,0x00000065d6300000)]
  0x000001deb5704710 JavaThread "Java2D Disposer" daemon [_thread_blocked, id=11460, stack(0x00000065d6300000,0x00000065d6400000)]
  0x000001deb5708730 JavaThread "AWT-Shutdown" [_thread_blocked, id=22928, stack(0x00000065d6400000,0x00000065d6500000)]
  0x000001deb570f9d0 JavaThread "AWT-Windows" daemon [_thread_in_native, id=12712, stack(0x00000065d6500000,0x00000065d6600000)]
  0x000001deb60131d0 JavaThread "AWT-EventQueue-0" [_thread_blocked, id=10744, stack(0x00000065d7100000,0x00000065d7200000)]
  0x000001de92b5e580 JavaThread "DestroyJavaVM" [_thread_blocked, id=18700, stack(0x00000065d5000000,0x00000065d5100000)]
  0x000001deb55420e0 JavaThread "D3D Screen Updater" daemon [_thread_blocked, id=22828, stack(0x00000065d7300000,0x00000065d7400000)]
  0x000001deb61880c0 JavaThread "TimerQueue" daemon [_thread_blocked, id=24152, stack(0x00000065d7400000,0x00000065d7500000)]

Other Threads:
  0x000001deb12315a0 VMThread "VM Thread" [stack: 0x00000065d5600000,0x00000065d5700000] [id=24028]
  0x000001deb54f8ca0 WatcherThread "VM Periodic Task Thread" [stack: 0x00000065d6100000,0x00000065d6200000] [id=23136]
  0x000001de92bb9ea0 WorkerThread "GC Thread#0" [stack: 0x00000065d5100000,0x00000065d5200000] [id=23932]
  0x000001de92bc9900 ConcurrentGCThread "G1 Main Marker" [stack: 0x00000065d5200000,0x00000065d5300000] [id=7952]
  0x000001de92bcad40 WorkerThread "G1 Conc#0" [stack: 0x00000065d5300000,0x00000065d5400000] [id=1428]
  0x000001de92c1e3b0 ConcurrentGCThread "G1 Refine#0" [stack: 0x00000065d5400000,0x00000065d5500000] [id=17524]
  0x000001deb10e54f0 ConcurrentGCThread "G1 Service" [stack: 0x00000065d5500000,0x00000065d5600000] [id=18128]

Threads with active compile tasks:
C2 CompilerThread0  7509919 1154       4       java.util.HashMap::putVal (300 bytes)

VM state: not at safepoint (normal execution)

VM Mutex/Monitor currently owned by a thread: None

Heap address: 0x000000008a800000, size: 1880 MB, Compressed Oops mode: 32-bit

CDS archive(s) mapped at: [0x0000000800000000-0x0000000800c40000-0x0000000800c40000), size 12845056, SharedBaseAddress: 0x0000000800000000, ArchiveRelocationMode: 0.
Compressed class space mapped at: 0x0000000801000000-0x0000000841000000, reserved size: 1073741824
Narrow klass base: 0x0000000800000000, Narrow klass shift: 0, Narrow klass range: 0x100000000

GC Precious Log:
 CardTable entry size: 512
 Card Set container configuration: InlinePtr #cards 5 size 8 Array Of Cards #cards 12 size 40 Howl #buckets 4 coarsen threshold 1843 Howl Bitmap #cards 512 size 80 coarsen threshold 460 Card regions per heap region 1 cards per card region 2048
 CPUs: 12 total, 12 available
 Memory: 7514M
 Large Page Support: Disabled
 NUMA Support: Disabled
 Compressed Oops: Enabled (32-bit)
 Heap Region Size: 1M
 Heap Min Capacity: 8M
 Heap Initial Capacity: 118M
 Heap Max Capacity: 1880M
 Pre-touch: Disabled
 Parallel Workers: 10
 Concurrent Workers: 3
 Concurrent Refinement Workers: 10
 Periodic GC: Disabled

Heap:
 garbage-first heap   total 120832K, used 14336K [0x000000008a800000, 0x0000000100000000)
  region size 1024K, 11 young (11264K), 0 survivors (0K)
 Metaspace       used 8441K, committed 8640K, reserved 1114112K
  class space    used 916K, committed 1024K, reserved 1048576K

Heap Regions: E=young(eden), S=young(survivor), O=old, HS=humongous(starts), HC=humongous(continues), CS=collection set, F=free, OA=open archive, CA=closed archive, TAMS=top-at-mark-start (previous, next)
|   0|0x000000008a800000, 0x000000008a900000, 0x000000008a900000|100%|HS|  |TAMS 0x000000008a800000, 0x000000008a800000| Complete 
|   1|0x000000008a900000, 0x000000008aa00000, 0x000000008aa00000|100%|HC|  |TAMS 0x000000008a900000, 0x000000008a900000| Complete 
|   2|0x000000008aa00000, 0x000000008ab00000, 0x000000008ab00000|100%|HC|  |TAMS 0x000000008aa00000, 0x000000008aa00000| Complete 
|   3|0x000000008ab00000, 0x000000008ac00000, 0x000000008ac00000|100%|HC|  |TAMS 0x000000008ab00000, 0x000000008ab00000| Complete 
|   4|0x000000008ac00000, 0x000000008ac00000, 0x000000008ad00000|  0%| F|  |TAMS 0x000000008ac00000, 0x000000008ac00000| Untracked 
|   5|0x000000008ad00000, 0x000000008ad00000, 0x000000008ae00000|  0%| F|  |TAMS 0x000000008ad00000, 0x000000008ad00000| Untracked 
|   6|0x000000008ae00000, 0x000000008ae00000, 0x000000008af00000|  0%| F|  |TAMS 0x000000008ae00000, 0x000000008ae00000| Untracked 
|   7|0x000000008af00000, 0x000000008af00000, 0x000000008b000000|  0%| F|  |TAMS 0x000000008af00000, 0x000000008af00000| Untracked 
|   8|0x000000008b000000, 0x000000008b000000, 0x000000008b100000|  0%| F|  |TAMS 0x000000008b000000, 0x000000008b000000| Untracked 
|   9|0x000000008b100000, 0x000000008b100000, 0x000000008b200000|  0%| F|  |TAMS 0x000000008b100000, 0x000000008b100000| Untracked 
|  10|0x000000008b200000, 0x000000008b200000, 0x000000008b300000|  0%| F|  |TAMS 0x000000008b200000, 0x000000008b200000| Untracked 
|  11|0x000000008b300000, 0x000000008b300000, 0x000000008b400000|  0%| F|  |TAMS 0x000000008b300000, 0x000000008b300000| Untracked 
|  12|0x000000008b400000, 0x000000008b400000, 0x000000008b500000|  0%| F|  |TAMS 0x000000008b400000, 0x000000008b400000| Untracked 
|  13|0x000000008b500000, 0x000000008b500000, 0x000000008b600000|  0%| F|  |TAMS 0x000000008b500000, 0x000000008b500000| Untracked 
|  14|0x000000008b600000, 0x000000008b600000, 0x000000008b700000|  0%| F|  |TAMS 0x000000008b600000, 0x000000008b600000| Untracked 
|  15|0x000000008b700000, 0x000000008b700000, 0x000000008b800000|  0%| F|  |TAMS 0x000000008b700000, 0x000000008b700000| Untracked 
|  16|0x000000008b800000, 0x000000008b800000, 0x000000008b900000|  0%| F|  |TAMS 0x000000008b800000, 0x000000008b800000| Untracked 
|  17|0x000000008b900000, 0x000000008b900000, 0x000000008ba00000|  0%| F|  |TAMS 0x000000008b900000, 0x000000008b900000| Untracked 
|  18|0x000000008ba00000, 0x000000008ba00000, 0x000000008bb00000|  0%| F|  |TAMS 0x000000008ba00000, 0x000000008ba00000| Untracked 
|  19|0x000000008bb00000, 0x000000008bb00000, 0x000000008bc00000|  0%| F|  |TAMS 0x000000008bb00000, 0x000000008bb00000| Untracked 
|  20|0x000000008bc00000, 0x000000008bc00000, 0x000000008bd00000|  0%| F|  |TAMS 0x000000008bc00000, 0x000000008bc00000| Untracked 
|  21|0x000000008bd00000, 0x000000008bd00000, 0x000000008be00000|  0%| F|  |TAMS 0x000000008bd00000, 0x000000008bd00000| Untracked 
|  22|0x000000008be00000, 0x000000008be00000, 0x000000008bf00000|  0%| F|  |TAMS 0x000000008be00000, 0x000000008be00000| Untracked 
|  23|0x000000008bf00000, 0x000000008bf00000, 0x000000008c000000|  0%| F|  |TAMS 0x000000008bf00000, 0x000000008bf00000| Untracked 
|  24|0x000000008c000000, 0x000000008c000000, 0x000000008c100000|  0%| F|  |TAMS 0x000000008c000000, 0x000000008c000000| Untracked 
|  25|0x000000008c100000, 0x000000008c100000, 0x000000008c200000|  0%| F|  |TAMS 0x000000008c100000, 0x000000008c100000| Untracked 
|  26|0x000000008c200000, 0x000000008c200000, 0x000000008c300000|  0%| F|  |TAMS 0x000000008c200000, 0x000000008c200000| Untracked 
|  27|0x000000008c300000, 0x000000008c300000, 0x000000008c400000|  0%| F|  |TAMS 0x000000008c300000, 0x000000008c300000| Untracked 
|  28|0x000000008c400000, 0x000000008c400000, 0x000000008c500000|  0%| F|  |TAMS 0x000000008c400000, 0x000000008c400000| Untracked 
|  29|0x000000008c500000, 0x000000008c500000, 0x000000008c600000|  0%| F|  |TAMS 0x000000008c500000, 0x000000008c500000| Untracked 
|  30|0x000000008c600000, 0x000000008c600000, 0x000000008c700000|  0%| F|  |TAMS 0x000000008c600000, 0x000000008c600000| Untracked 
|  31|0x000000008c700000, 0x000000008c700000, 0x000000008c800000|  0%| F|  |TAMS 0x000000008c700000, 0x000000008c700000| Untracked 
|  32|0x000000008c800000, 0x000000008c800000, 0x000000008c900000|  0%| F|  |TAMS 0x000000008c800000, 0x000000008c800000| Untracked 
|  33|0x000000008c900000, 0x000000008c900000, 0x000000008ca00000|  0%| F|  |TAMS 0x000000008c900000, 0x000000008c900000| Untracked 
|  34|0x000000008ca00000, 0x000000008ca00000, 0x000000008cb00000|  0%| F|  |TAMS 0x000000008ca00000, 0x000000008ca00000| Untracked 
|  35|0x000000008cb00000, 0x000000008cb00000, 0x000000008cc00000|  0%| F|  |TAMS 0x000000008cb00000, 0x000000008cb00000| Untracked 
|  36|0x000000008cc00000, 0x000000008cc00000, 0x000000008cd00000|  0%| F|  |TAMS 0x000000008cc00000, 0x000000008cc00000| Untracked 
|  37|0x000000008cd00000, 0x000000008cd00000, 0x000000008ce00000|  0%| F|  |TAMS 0x000000008cd00000, 0x000000008cd00000| Untracked 
|  38|0x000000008ce00000, 0x000000008ce00000, 0x000000008cf00000|  0%| F|  |TAMS 0x000000008ce00000, 0x000000008ce00000| Untracked 
|  39|0x000000008cf00000, 0x000000008cf00000, 0x000000008d000000|  0%| F|  |TAMS 0x000000008cf00000, 0x000000008cf00000| Untracked 
|  40|0x000000008d000000, 0x000000008d000000, 0x000000008d100000|  0%| F|  |TAMS 0x000000008d000000, 0x000000008d000000| Untracked 
|  41|0x000000008d100000, 0x000000008d100000, 0x000000008d200000|  0%| F|  |TAMS 0x000000008d100000, 0x000000008d100000| Untracked 
|  42|0x000000008d200000, 0x000000008d200000, 0x000000008d300000|  0%| F|  |TAMS 0x000000008d200000, 0x000000008d200000| Untracked 
|  43|0x000000008d300000, 0x000000008d300000, 0x000000008d400000|  0%| F|  |TAMS 0x000000008d300000, 0x000000008d300000| Untracked 
|  44|0x000000008d400000, 0x000000008d400000, 0x000000008d500000|  0%| F|  |TAMS 0x000000008d400000, 0x000000008d400000| Untracked 
|  45|0x000000008d500000, 0x000000008d500000, 0x000000008d600000|  0%| F|  |TAMS 0x000000008d500000, 0x000000008d500000| Untracked 
|  46|0x000000008d600000, 0x000000008d600000, 0x000000008d700000|  0%| F|  |TAMS 0x000000008d600000, 0x000000008d600000| Untracked 
|  47|0x000000008d700000, 0x000000008d700000, 0x000000008d800000|  0%| F|  |TAMS 0x000000008d700000, 0x000000008d700000| Untracked 
|  48|0x000000008d800000, 0x000000008d800000, 0x000000008d900000|  0%| F|  |TAMS 0x000000008d800000, 0x000000008d800000| Untracked 
|  49|0x000000008d900000, 0x000000008d900000, 0x000000008da00000|  0%| F|  |TAMS 0x000000008d900000, 0x000000008d900000| Untracked 
|  50|0x000000008da00000, 0x000000008da00000, 0x000000008db00000|  0%| F|  |TAMS 0x000000008da00000, 0x000000008da00000| Untracked 
|  51|0x000000008db00000, 0x000000008db00000, 0x000000008dc00000|  0%| F|  |TAMS 0x000000008db00000, 0x000000008db00000| Untracked 
|  52|0x000000008dc00000, 0x000000008dc00000, 0x000000008dd00000|  0%| F|  |TAMS 0x000000008dc00000, 0x000000008dc00000| Untracked 
|  53|0x000000008dd00000, 0x000000008dd00000, 0x000000008de00000|  0%| F|  |TAMS 0x000000008dd00000, 0x000000008dd00000| Untracked 
|  54|0x000000008de00000, 0x000000008de00000, 0x000000008df00000|  0%| F|  |TAMS 0x000000008de00000, 0x000000008de00000| Untracked 
|  55|0x000000008df00000, 0x000000008df00000, 0x000000008e000000|  0%| F|  |TAMS 0x000000008df00000, 0x000000008df00000| Untracked 
|  56|0x000000008e000000, 0x000000008e000000, 0x000000008e100000|  0%| F|  |TAMS 0x000000008e000000, 0x000000008e000000| Untracked 
|  57|0x000000008e100000, 0x000000008e100000, 0x000000008e200000|  0%| F|  |TAMS 0x000000008e100000, 0x000000008e100000| Untracked 
|  58|0x000000008e200000, 0x000000008e200000, 0x000000008e300000|  0%| F|  |TAMS 0x000000008e200000, 0x000000008e200000| Untracked 
|  59|0x000000008e300000, 0x000000008e300000, 0x000000008e400000|  0%| F|  |TAMS 0x000000008e300000, 0x000000008e300000| Untracked 
|  60|0x000000008e400000, 0x000000008e400000, 0x000000008e500000|  0%| F|  |TAMS 0x000000008e400000, 0x000000008e400000| Untracked 
|  61|0x000000008e500000, 0x000000008e500000, 0x000000008e600000|  0%| F|  |TAMS 0x000000008e500000, 0x000000008e500000| Untracked 
|  62|0x000000008e600000, 0x000000008e600000, 0x000000008e700000|  0%| F|  |TAMS 0x000000008e600000, 0x000000008e600000| Untracked 
|  63|0x000000008e700000, 0x000000008e700000, 0x000000008e800000|  0%| F|  |TAMS 0x000000008e700000, 0x000000008e700000| Untracked 
|  64|0x000000008e800000, 0x000000008e800000, 0x000000008e900000|  0%| F|  |TAMS 0x000000008e800000, 0x000000008e800000| Untracked 
|  65|0x000000008e900000, 0x000000008e900000, 0x000000008ea00000|  0%| F|  |TAMS 0x000000008e900000, 0x000000008e900000| Untracked 
|  66|0x000000008ea00000, 0x000000008ea00000, 0x000000008eb00000|  0%| F|  |TAMS 0x000000008ea00000, 0x000000008ea00000| Untracked 
|  67|0x000000008eb00000, 0x000000008eb00000, 0x000000008ec00000|  0%| F|  |TAMS 0x000000008eb00000, 0x000000008eb00000| Untracked 
|  68|0x000000008ec00000, 0x000000008ec00000, 0x000000008ed00000|  0%| F|  |TAMS 0x000000008ec00000, 0x000000008ec00000| Untracked 
|  69|0x000000008ed00000, 0x000000008ed00000, 0x000000008ee00000|  0%| F|  |TAMS 0x000000008ed00000, 0x000000008ed00000| Untracked 
|  70|0x000000008ee00000, 0x000000008ee00000, 0x000000008ef00000|  0%| F|  |TAMS 0x000000008ee00000, 0x000000008ee00000| Untracked 
|  71|0x000000008ef00000, 0x000000008ef00000, 0x000000008f000000|  0%| F|  |TAMS 0x000000008ef00000, 0x000000008ef00000| Untracked 
|  72|0x000000008f000000, 0x000000008f000000, 0x000000008f100000|  0%| F|  |TAMS 0x000000008f000000, 0x000000008f000000| Untracked 
|  73|0x000000008f100000, 0x000000008f100000, 0x000000008f200000|  0%| F|  |TAMS 0x000000008f100000, 0x000000008f100000| Untracked 
|  74|0x000000008f200000, 0x000000008f200000, 0x000000008f300000|  0%| F|  |TAMS 0x000000008f200000, 0x000000008f200000| Untracked 
|  75|0x000000008f300000, 0x000000008f300000, 0x000000008f400000|  0%| F|  |TAMS 0x000000008f300000, 0x000000008f300000| Untracked 
|  76|0x000000008f400000, 0x000000008f400000, 0x000000008f500000|  0%| F|  |TAMS 0x000000008f400000, 0x000000008f400000| Untracked 
|  77|0x000000008f500000, 0x000000008f500000, 0x000000008f600000|  0%| F|  |TAMS 0x000000008f500000, 0x000000008f500000| Untracked 
|  78|0x000000008f600000, 0x000000008f600000, 0x000000008f700000|  0%| F|  |TAMS 0x000000008f600000, 0x000000008f600000| Untracked 
|  79|0x000000008f700000, 0x000000008f700000, 0x000000008f800000|  0%| F|  |TAMS 0x000000008f700000, 0x000000008f700000| Untracked 
|  80|0x000000008f800000, 0x000000008f800000, 0x000000008f900000|  0%| F|  |TAMS 0x000000008f800000, 0x000000008f800000| Untracked 
|  81|0x000000008f900000, 0x000000008f900000, 0x000000008fa00000|  0%| F|  |TAMS 0x000000008f900000, 0x000000008f900000| Untracked 
|  82|0x000000008fa00000, 0x000000008fa00000, 0x000000008fb00000|  0%| F|  |TAMS 0x000000008fa00000, 0x000000008fa00000| Untracked 
|  83|0x000000008fb00000, 0x000000008fb00000, 0x000000008fc00000|  0%| F|  |TAMS 0x000000008fb00000, 0x000000008fb00000| Untracked 
|  84|0x000000008fc00000, 0x000000008fc00000, 0x000000008fd00000|  0%| F|  |TAMS 0x000000008fc00000, 0x000000008fc00000| Untracked 
|  85|0x000000008fd00000, 0x000000008fd00000, 0x000000008fe00000|  0%| F|  |TAMS 0x000000008fd00000, 0x000000008fd00000| Untracked 
|  86|0x000000008fe00000, 0x000000008fe00000, 0x000000008ff00000|  0%| F|  |TAMS 0x000000008fe00000, 0x000000008fe00000| Untracked 
|  87|0x000000008ff00000, 0x000000008ff00000, 0x0000000090000000|  0%| F|  |TAMS 0x000000008ff00000, 0x000000008ff00000| Untracked 
|  88|0x0000000090000000, 0x0000000090000000, 0x0000000090100000|  0%| F|  |TAMS 0x0000000090000000, 0x0000000090000000| Untracked 
|  89|0x0000000090100000, 0x0000000090100000, 0x0000000090200000|  0%| F|  |TAMS 0x0000000090100000, 0x0000000090100000| Untracked 
|  90|0x0000000090200000, 0x0000000090200000, 0x0000000090300000|  0%| F|  |TAMS 0x0000000090200000, 0x0000000090200000| Untracked 
|  91|0x0000000090300000, 0x0000000090300000, 0x0000000090400000|  0%| F|  |TAMS 0x0000000090300000, 0x0000000090300000| Untracked 
|  92|0x0000000090400000, 0x0000000090400000, 0x0000000090500000|  0%| F|  |TAMS 0x0000000090400000, 0x0000000090400000| Untracked 
|  93|0x0000000090500000, 0x0000000090500000, 0x0000000090600000|  0%| F|  |TAMS 0x0000000090500000, 0x0000000090500000| Untracked 
|  94|0x0000000090600000, 0x0000000090600000, 0x0000000090700000|  0%| F|  |TAMS 0x0000000090600000, 0x0000000090600000| Untracked 
|  95|0x0000000090700000, 0x0000000090700000, 0x0000000090800000|  0%| F|  |TAMS 0x0000000090700000, 0x0000000090700000| Untracked 
|  96|0x0000000090800000, 0x0000000090800000, 0x0000000090900000|  0%| F|  |TAMS 0x0000000090800000, 0x0000000090800000| Untracked 
|  97|0x0000000090900000, 0x0000000090900000, 0x0000000090a00000|  0%| F|  |TAMS 0x0000000090900000, 0x0000000090900000| Untracked 
|  98|0x0000000090a00000, 0x0000000090a00000, 0x0000000090b00000|  0%| F|  |TAMS 0x0000000090a00000, 0x0000000090a00000| Untracked 
|  99|0x0000000090b00000, 0x0000000090b00000, 0x0000000090c00000|  0%| F|  |TAMS 0x0000000090b00000, 0x0000000090b00000| Untracked 
| 100|0x0000000090c00000, 0x0000000090c00000, 0x0000000090d00000|  0%| F|  |TAMS 0x0000000090c00000, 0x0000000090c00000| Untracked 
| 101|0x0000000090d00000, 0x0000000090d00000, 0x0000000090e00000|  0%| F|  |TAMS 0x0000000090d00000, 0x0000000090d00000| Untracked 
| 102|0x0000000090e00000, 0x0000000090e00000, 0x0000000090f00000|  0%| F|  |TAMS 0x0000000090e00000, 0x0000000090e00000| Untracked 
| 103|0x0000000090f00000, 0x0000000090f00000, 0x0000000091000000|  0%| F|  |TAMS 0x0000000090f00000, 0x0000000090f00000| Untracked 
| 104|0x0000000091000000, 0x0000000091000000, 0x0000000091100000|  0%| F|  |TAMS 0x0000000091000000, 0x0000000091000000| Untracked 
| 105|0x0000000091100000, 0x0000000091100000, 0x0000000091200000|  0%| F|  |TAMS 0x0000000091100000, 0x0000000091100000| Untracked 
| 106|0x0000000091200000, 0x0000000091200000, 0x0000000091300000|  0%| F|  |TAMS 0x0000000091200000, 0x0000000091200000| Untracked 
| 107|0x0000000091300000, 0x00000000913ec078, 0x0000000091400000| 92%| E|  |TAMS 0x0000000091300000, 0x0000000091300000| Complete 
| 108|0x0000000091400000, 0x0000000091500000, 0x0000000091500000|100%| E|CS|TAMS 0x0000000091400000, 0x0000000091400000| Complete 
| 109|0x0000000091500000, 0x0000000091600000, 0x0000000091600000|100%| E|CS|TAMS 0x0000000091500000, 0x0000000091500000| Complete 
| 110|0x0000000091600000, 0x0000000091700000, 0x0000000091700000|100%| E|CS|TAMS 0x0000000091600000, 0x0000000091600000| Complete 
| 111|0x0000000091700000, 0x0000000091800000, 0x0000000091800000|100%| E|CS|TAMS 0x0000000091700000, 0x0000000091700000| Complete 
| 112|0x0000000091800000, 0x0000000091900000, 0x0000000091900000|100%| E|CS|TAMS 0x0000000091800000, 0x0000000091800000| Complete 
| 113|0x0000000091900000, 0x0000000091a00000, 0x0000000091a00000|100%| E|CS|TAMS 0x0000000091900000, 0x0000000091900000| Complete 
| 114|0x0000000091a00000, 0x0000000091b00000, 0x0000000091b00000|100%| E|CS|TAMS 0x0000000091a00000, 0x0000000091a00000| Complete 
| 115|0x0000000091b00000, 0x0000000091c00000, 0x0000000091c00000|100%| E|CS|TAMS 0x0000000091b00000, 0x0000000091b00000| Complete 
| 116|0x0000000091c00000, 0x0000000091d00000, 0x0000000091d00000|100%| E|CS|TAMS 0x0000000091c00000, 0x0000000091c00000| Complete 
| 117|0x0000000091d00000, 0x0000000091e00000, 0x0000000091e00000|100%| E|CS|TAMS 0x0000000091d00000, 0x0000000091d00000| Complete 

Card table byte_map: [0x000001deaa3d0000,0x000001deaa780000] _byte_map_base: 0x000001dea9f7c000

Marking Bits (Prev, Next): (CMBitMap*) 0x000001de92bba4d0, (CMBitMap*) 0x000001de92bba510
 Prev Bits: [0x000001deaab30000, 0x000001deac890000)
 Next Bits: [0x000001deac890000, 0x000001deae5f0000)

Polling page: 0x000001de92320000

Metaspace:

Usage:
  Non-class:      7.35 MB used.
      Class:    916.57 KB used.
       Both:      8.24 MB used.

Virtual space:
  Non-class space:       64.00 MB reserved,       7.44 MB ( 12%) committed,  1 nodes.
      Class space:        1.00 GB reserved,       1.00 MB ( <1%) committed,  1 nodes.
             Both:        1.06 GB reserved,       8.44 MB ( <1%) committed. 

Chunk freelists:
   Non-Class:  490.00 KB
       Class:  3.04 MB
        Both:  3.52 MB

MaxMetaspaceSize: unlimited
CompressedClassSpaceSize: 1.00 GB
Initial GC threshold: 21.00 MB
Current GC threshold: 21.00 MB
CDS: on
MetaspaceReclaimPolicy: balanced
 - commit_granule_bytes: 65536.
 - commit_granule_words: 8192.
 - virtual_space_node_default_size: 8388608.
 - enlarge_chunks_in_place: 1.
 - new_chunks_are_fully_committed: 0.
 - uncommit_free_chunks: 1.
 - use_allocation_guard: 0.


Internal statistics:

num_allocs_failed_limit: 0.
num_arena_births: 150.
num_arena_deaths: 0.
num_vsnodes_births: 2.
num_vsnodes_deaths: 0.
num_space_committed: 135.
num_space_uncommitted: 0.
num_chunks_returned_to_freelist: 0.
num_chunks_taken_from_freelist: 162.
num_chunk_merges: 0.
num_chunk_splits: 112.
num_chunks_enlarged: 73.
num_inconsistent_stats: 0.

CodeHeap 'non-profiled nmethods': size=120000Kb used=322Kb max_used=322Kb free=119677Kb
 bounds [0x000001dea2590000, 0x000001dea2800000, 0x000001dea9ac0000]
CodeHeap 'profiled nmethods': size=120000Kb used=1822Kb max_used=1822Kb free=118177Kb
 bounds [0x000001de9aac0000, 0x000001de9ad30000, 0x000001dea1ff0000]
CodeHeap 'non-nmethods': size=5760Kb used=1385Kb max_used=1403Kb free=4374Kb
 bounds [0x000001dea1ff0000, 0x000001dea2260000, 0x000001dea2590000]
 total_blobs=1790 nmethods=1153 adapters=548
 compilation: enabled
              stopped_count=0, restarted_count=0
 full_count=0

Compilation events (20 events):
Event: 6943.047 Thread 0x000001deb1266cc0 nmethod 1144 0x000001de9ac84e90 code [0x000001de9ac85060, 0x000001de9ac852b8]
Event: 6943.048 Thread 0x000001deb1266cc0 1145       3       sun.awt.SunHints$Key::getIndex (5 bytes)
Event: 6943.048 Thread 0x000001deb1266cc0 nmethod 1145 0x000001de9ac85390 code [0x000001de9ac85520, 0x000001de9ac85638]
Event: 6943.049 Thread 0x000001deb1266cc0 1146       3       java.awt.geom.RectIterator::isDone (14 bytes)
Event: 6943.049 Thread 0x000001deb1266cc0 nmethod 1146 0x000001de9ac85710 code [0x000001de9ac858a0, 0x000001de9ac85a18]
Event: 6943.049 Thread 0x000001deb1266cc0 1149       3       java.awt.Component::getForeground (29 bytes)
Event: 6943.056 Thread 0x000001deb1266cc0 nmethod 1149 0x000001de9ac85a90 code [0x000001de9ac85c60, 0x000001de9ac86068]
Event: 6943.056 Thread 0x000001deb1266cc0 1150       3       sun.java2d.pipe.BufferedContext::validateContext (26 bytes)
Event: 6943.057 Thread 0x000001deb1266cc0 nmethod 1150 0x000001de9ac86190 code [0x000001de9ac86340, 0x000001de9ac86598]
Event: 6943.057 Thread 0x000001deb1266cc0 1151       3       java.lang.Math::min (45 bytes)
Event: 6943.058 Thread 0x000001deb1266cc0 nmethod 1151 0x000001de9ac86710 code [0x000001de9ac868c0, 0x000001de9ac86c18]
Event: 6943.058 Thread 0x000001deb1266cc0 1148       1       sun.java2d.loops.RenderCache$Entry::getValue (5 bytes)
Event: 6943.058 Thread 0x000001deb1266cc0 nmethod 1148 0x000001dea25dfd10 code [0x000001dea25dfea0, 0x000001dea25dff58]
Event: 6943.058 Thread 0x000001deb1266cc0 1147       1       sun.java2d.d3d.D3DSurfaceData::getType (5 bytes)
Event: 6943.058 Thread 0x000001deb1266cc0 nmethod 1147 0x000001dea25e0010 code [0x000001dea25e01a0, 0x000001dea25e0258]
Event: 7509.843 Thread 0x000001deb1266350 1153       4       java.util.HashMap::getNode (150 bytes)
Event: 7509.843 Thread 0x000001deb1266cc0 1152   !   3       java.awt.Toolkit::setDesktopProperty (81 bytes)
Event: 7509.844 Thread 0x000001deb1266cc0 nmethod 1152 0x000001de9ac86c90 code [0x000001de9ac86ea0, 0x000001de9ac876e8]
Event: 7509.848 Thread 0x000001deb1266350 nmethod 1153 0x000001dea25e0310 code [0x000001dea25e04c0, 0x000001dea25e07c8]
Event: 7509.848 Thread 0x000001deb1266350 1154       4       java.util.HashMap::putVal (300 bytes)

GC Heap History (0 events):
No events

Dll operation events (9 events):
Event: 0.015 Loaded shared library C:\Program Files\Java\jdk-19\bin\java.dll
Event: 0.027 Loaded shared library C:\Program Files\Java\jdk-19\bin\jsvml.dll
Event: 0.114 Loaded shared library C:\Program Files\Java\jdk-19\bin\jimage.dll
Event: 0.124 Loaded shared library C:\Program Files\Java\jdk-19\bin\net.dll
Event: 0.127 Loaded shared library C:\Program Files\Java\jdk-19\bin\nio.dll
Event: 0.134 Loaded shared library C:\Program Files\Java\jdk-19\bin\zip.dll
Event: 0.159 Loaded shared library C:\Program Files\Java\jdk-19\bin\awt.dll
Event: 0.611 Loaded shared library C:\Program Files\Java\jdk-19\bin\freetype.dll
Event: 0.613 Loaded shared library C:\Program Files\Java\jdk-19\bin\fontmanager.dll

Deoptimization events (20 events):
Event: 482.698 Thread 0x000001deb55420e0 DEOPT PACKING pc=0x000001dea25d4b60 sp=0x00000065d73ff540
Event: 482.698 Thread 0x000001deb55420e0 DEOPT UNPACKING pc=0x000001dea2056da3 sp=0x00000065d73ff4d0 mode 2
Event: 579.473 Thread 0x000001deb55420e0 Uncommon trap: trap_request=0xffffffdc fr.pc=0x000001dea25d672c relative=0x000000000000018c
Event: 579.473 Thread 0x000001deb55420e0 Uncommon trap: reason=class_check action=make_not_entrant pc=0x000001dea25d672c method=java.util.ArrayList.toArray([Ljava/lang/Object;)[Ljava/lang/Object; @ 21 c2
Event: 579.473 Thread 0x000001deb55420e0 DEOPT PACKING pc=0x000001dea25d672c sp=0x00000065d73ff5a0
Event: 579.473 Thread 0x000001deb55420e0 DEOPT UNPACKING pc=0x000001dea2056da3 sp=0x00000065d73ff560 mode 2
Event: 771.123 Thread 0x000001deb55420e0 Uncommon trap: trap_request=0xffffff45 fr.pc=0x000001dea25d6fa4 relative=0x0000000000000084
Event: 771.123 Thread 0x000001deb55420e0 Uncommon trap: reason=unstable_if action=reinterpret pc=0x000001dea25d6fa4 method=sun.java2d.StateTrackableDelegate$1.isCurrent()Z @ 8 c2
Event: 771.123 Thread 0x000001deb55420e0 DEOPT PACKING pc=0x000001dea25d6fa4 sp=0x00000065d73ff5d0
Event: 771.123 Thread 0x000001deb55420e0 DEOPT UNPACKING pc=0x000001dea2056da3 sp=0x00000065d73ff508 mode 2
Event: 771.270 Thread 0x000001deb55420e0 Uncommon trap: trap_request=0xffffff45 fr.pc=0x000001dea25d6c88 relative=0x0000000000000068
Event: 771.270 Thread 0x000001deb55420e0 Uncommon trap: reason=unstable_if action=reinterpret pc=0x000001dea25d6c88 method=sun.java2d.StateTrackableDelegate$1.isCurrent()Z @ 8 c2
Event: 771.270 Thread 0x000001deb55420e0 DEOPT PACKING pc=0x000001dea25d6c88 sp=0x00000065d73ff570
Event: 771.270 Thread 0x000001deb55420e0 DEOPT UNPACKING pc=0x000001dea2056da3 sp=0x00000065d73ff508 mode 2
Event: 5971.449 Thread 0x000001deb55420e0 DEOPT PACKING pc=0x000001de9ac7262b sp=0x00000065d73ff550
Event: 5971.449 Thread 0x000001deb55420e0 DEOPT UNPACKING pc=0x000001dea2057543 sp=0x00000065d73feae0 mode 0
Event: 6942.824 Thread 0x000001deb55420e0 Uncommon trap: trap_request=0xffffff45 fr.pc=0x000001dea25dd5a8 relative=0x0000000000000a88
Event: 6942.824 Thread 0x000001deb55420e0 Uncommon trap: reason=unstable_if action=reinterpret pc=0x000001dea25dd5a8 method=sun.java2d.d3d.D3DScreenUpdateManager.run()V @ 130 c2
Event: 6942.824 Thread 0x000001deb55420e0 DEOPT PACKING pc=0x000001dea25dd5a8 sp=0x00000065d73ff630
Event: 6942.824 Thread 0x000001deb55420e0 DEOPT UNPACKING pc=0x000001dea2056da3 sp=0x00000065d73ff5e8 mode 2

Classes loaded (20 events):
Event: 0.886 Loading class javax/swing/TimerQueue$DelayedTimer
Event: 0.887 Loading class java/util/concurrent/Delayed
Event: 0.887 Loading class java/util/concurrent/Delayed done
Event: 0.887 Loading class javax/swing/TimerQueue$DelayedTimer done
Event: 0.887 Loading class java/util/concurrent/TimeUnit$1
Event: 0.887 Loading class java/util/concurrent/TimeUnit$1 done
Event: 1.396 Loading class javax/swing/Timer$1
Event: 1.396 Loading class javax/swing/Timer$1 done
Event: 2.726 Loading class java/awt/LightweightDispatcher$2
Event: 2.726 Loading class java/awt/LightweightDispatcher$2 done
Event: 6918.982 Loading class java/awt/desktop/SystemSleepListener
Event: 6918.986 Loading class java/awt/desktop/SystemEventListener
Event: 6918.987 Loading class java/awt/desktop/SystemEventListener done
Event: 6918.987 Loading class java/awt/desktop/SystemSleepListener done
Event: 6942.870 Loading class sun/awt/image/BufferedImageDevice
Event: 6942.875 Loading class sun/awt/image/BufferedImageDevice done
Event: 6942.875 Loading class sun/java2d/loops/MaskBlit$General
Event: 6942.879 Loading class sun/java2d/loops/GraphicsPrimitive$GeneralBinaryOp
Event: 6942.880 Loading class sun/java2d/loops/GraphicsPrimitive$GeneralBinaryOp done
Event: 6942.880 Loading class sun/java2d/loops/MaskBlit$General done

Classes unloaded (0 events):
No events

Classes redefined (0 events):
No events

Internal exceptions (14 events):
Event: 0.142 Thread 0x000001de92b5e580 Exception <a 'java/lang/ClassNotFoundException'{0x0000000091c6efc8}: sun/awt/resources/spi/awtProvider> (0x0000000091c6efc8) 
thrown [s\open\src\hotspot\share\classfile\systemDictionary.cpp, line 255]
Event: 0.177 Thread 0x000001de92b5e580 Exception <a 'java/io/FileNotFoundException'{0x0000000091b3f0b8}> (0x0000000091b3f0b8) 
thrown [s\open\src\hotspot\share\prims\jni.cpp, line 517]
Event: 0.188 Thread 0x000001de92b5e580 Exception <a 'java/io/FileNotFoundException'{0x0000000091b6b5b8}> (0x0000000091b6b5b8) 
thrown [s\open\src\hotspot\share\prims\jni.cpp, line 517]
Event: 0.246 Thread 0x000001de92b5e580 Exception <a 'java/lang/NoSuchMethodError'{0x0000000091bb5840}: 'java.lang.Object java.lang.invoke.DirectMethodHandle$Holder.invokeStaticInit(java.lang.Object)'> (0x0000000091bb5840) 
thrown [s\open\src\hotspot\share\interpreter\linkResolver.cpp, line 774]
Event: 0.408 Thread 0x000001de92b5e580 Exception <a 'java/lang/NoSuchMethodError'{0x000000009190bf48}: 'void java.lang.invoke.DirectMethodHandle$Holder.invokeSpecial(java.lang.Object, java.lang.Object, java.lang.Object)'> (0x000000009190bf48) 
thrown [s\open\src\hotspot\share\interpreter\linkResolver.cpp, line 774]
Event: 0.423 Thread 0x000001de92b5e580 Exception <a 'java/lang/NoSuchMethodError'{0x0000000091936a90}: 'java.lang.Object java.lang.invoke.DirectMethodHandle$Holder.newInvokeSpecial(java.lang.Object, java.lang.Object, java.lang.Object, java.lang.Object, java.lang.Object)'> (0x0000000091936a90) 
thrown [s\open\src\hotspot\share\interpreter\linkResolver.cpp, line 774]
Event: 0.434 Thread 0x000001de92b5e580 Exception <a 'java/lang/NoSuchMethodError'{0x0000000091968178}: 'java.lang.Object java.lang.invoke.DirectMethodHandle$Holder.invokeStatic(java.lang.Object, int, java.lang.Object)'> (0x0000000091968178) 
thrown [s\open\src\hotspot\share\interpreter\linkResolver.cpp, line 774]
Event: 0.482 Thread 0x000001de92b5e580 Exception <a 'java/lang/ClassNotFoundException'{0x0000000091824468}: com/sun/swing/internal/plaf/metal/resources/spi/metalProvider> (0x0000000091824468) 
thrown [s\open\src\hotspot\share\classfile\systemDictionary.cpp, line 255]
Event: 0.484 Thread 0x000001de92b5e580 Exception <a 'java/lang/ClassNotFoundException'{0x00000000918283c8}: com/sun/swing/internal/plaf/basic/resources/spi/basicProvider> (0x00000000918283c8) 
thrown [s\open\src\hotspot\share\classfile\systemDictionary.cpp, line 255]
Event: 0.497 Thread 0x000001de92b5e580 Exception <a 'java/lang/NoSuchMethodError'{0x0000000091848778}: 'int java.lang.invoke.Invokers$Holder.invokeExact_MT(java.lang.Object, java.lang.Object)'> (0x0000000091848778) 
thrown [s\open\src\hotspot\share\interpreter\linkResolver.cpp, line 774]
Event: 0.550 Thread 0x000001deb5f90e40 Exception <a 'java/lang/NoSuchMethodError'{0x0000000091884b88}: 'java.lang.Object java.lang.invoke.DirectMethodHandle$Holder.newInvokeSpecial(java.lang.Object, java.lang.Object, java.lang.Object, int, int, int, int, int)'> (0x0000000091884b88) 
thrown [s\open\src\hotspot\share\interpreter\linkResolver.cpp, line 774]
Event: 0.582 Thread 0x000001deb570f9d0 Exception <a 'java/lang/NoSuchMethodError'{0x0000000091a102d0}: 'void java.lang.invoke.DirectMethodHandle$Holder.invokeVirtual(java.lang.Object, java.lang.Object)'> (0x0000000091a102d0) 
thrown [s\open\src\hotspot\share\interpreter\linkResolver.cpp, line 774]
Event: 0.605 Thread 0x000001de92b5e580 Exception <a 'java/lang/NoSuchMethodError'{0x0000000091724738}: 'void java.lang.invoke.DirectMethodHandle$Holder.invokeStaticInit(java.lang.Object)'> (0x0000000091724738) 
thrown [s\open\src\hotspot\share\interpreter\linkResolver.cpp, line 774]
Event: 0.619 Thread 0x000001de92b5e580 Exception <a 'java/io/FileNotFoundException'{0x0000000091730970}> (0x0000000091730970) 
thrown [s\open\src\hotspot\share\prims\jni.cpp, line 517]

VM Operations (20 events):
Event: 6.910 Executing VM operation: Cleanup
Event: 6.910 Executing VM operation: Cleanup done
Event: 7.919 Executing VM operation: Cleanup
Event: 7.919 Executing VM operation: Cleanup done
Event: 9.933 Executing VM operation: Cleanup
Event: 9.933 Executing VM operation: Cleanup done
Event: 12.957 Executing VM operation: Cleanup
Event: 12.957 Executing VM operation: Cleanup done
Event: 582.684 Executing VM operation: Cleanup
Event: 582.684 Executing VM operation: Cleanup done
Event: 771.614 Executing VM operation: Cleanup
Event: 771.615 Executing VM operation: Cleanup done
Event: 1329.341 Executing VM operation: Cleanup
Event: 1329.341 Executing VM operation: Cleanup done
Event: 1914.304 Executing VM operation: Cleanup
Event: 1914.305 Executing VM operation: Cleanup done
Event: 2280.386 Executing VM operation: Cleanup
Event: 2280.386 Executing VM operation: Cleanup done
Event: 6943.618 Executing VM operation: Cleanup
Event: 6943.619 Executing VM operation: Cleanup done

Events (20 events):
Event: 0.050 Thread 0x000001deb124c7b0 Thread added: 0x000001deb124c7b0
Event: 0.051 Thread 0x000001deb1252550 Thread added: 0x000001deb1252550
Event: 0.051 Thread 0x000001deb1254e90 Thread added: 0x000001deb1254e90
Event: 0.051 Thread 0x000001deb12578a0 Thread added: 0x000001deb12578a0
Event: 0.051 Thread 0x000001deb125b6d0 Thread added: 0x000001deb125b6d0
Event: 0.052 Thread 0x000001deb1266350 Thread added: 0x000001deb1266350
Event: 0.052 Thread 0x000001deb1266cc0 Thread added: 0x000001deb1266cc0
Event: 0.052 Thread 0x000001deb1279e00 Thread added: 0x000001deb1279e00
Event: 0.080 Thread 0x000001deb54f5d30 Thread added: 0x000001deb54f5d30
Event: 0.086 Thread 0x000001deb54f9100 Thread added: 0x000001deb54f9100
Event: 0.247 Thread 0x000001deb5704710 Thread added: 0x000001deb5704710
Event: 0.248 Thread 0x000001deb5708730 Thread added: 0x000001deb5708730
Event: 0.252 Thread 0x000001deb570f9d0 Thread added: 0x000001deb570f9d0
Event: 0.546 Thread 0x000001deb5f90e40 Thread added: 0x000001deb5f90e40
Event: 0.580 Thread 0x000001deb60131d0 Thread added: 0x000001deb60131d0
Event: 0.776 Thread 0x000001de92b5e580 Thread exited: 0x000001de92b5e580
Event: 0.777 Thread 0x000001de92b5e580 Thread added: 0x000001de92b5e580
Event: 0.786 Thread 0x000001deb55420e0 Thread added: 0x000001deb55420e0
Event: 0.886 Thread 0x000001deb61880c0 Thread added: 0x000001deb61880c0
Event: 5.566 Thread 0x000001deb5f90e40 Thread exited: 0x000001deb5f90e40


Dynamic libraries:
0x00007ff7f71f0000 - 0x00007ff7f7200000 	C:\Program Files\Java\jdk-19\bin\javaw.exe
0x00007ffa3f310000 - 0x00007ffa3f527000 	C:\WINDOWS\SYSTEM32\ntdll.dll
0x00007ffa27400000 - 0x00007ffa27419000 	C:\Program Files\Avast Software\Avast\aswhook.dll
0x00007ffa3dbd0000 - 0x00007ffa3dc94000 	C:\WINDOWS\System32\KERNEL32.DLL
0x00007ffa3c980000 - 0x00007ffa3cd26000 	C:\WINDOWS\System32\KERNELBASE.dll
0x00007ffa3c770000 - 0x00007ffa3c881000 	C:\WINDOWS\System32\ucrtbase.dll
0x00007ff9da650000 - 0x00007ff9da668000 	C:\Program Files\Java\jdk-19\bin\jli.dll
0x00007ff9da630000 - 0x00007ff9da64b000 	C:\Program Files\Java\jdk-19\bin\VCRUNTIME140.dll
0x00007ffa3dca0000 - 0x00007ffa3dd51000 	C:\WINDOWS\System32\ADVAPI32.dll
0x00007ffa3d550000 - 0x00007ffa3d5f7000 	C:\WINDOWS\System32\msvcrt.dll
0x00007ffa3f220000 - 0x00007ffa3f2c5000 	C:\WINDOWS\System32\sechost.dll
0x00007ffa3f000000 - 0x00007ffa3f117000 	C:\WINDOWS\System32\RPCRT4.dll
0x00007ffa3e820000 - 0x00007ffa3e9ce000 	C:\WINDOWS\System32\USER32.dll
0x00007ffa3c680000 - 0x00007ffa3c6a6000 	C:\WINDOWS\System32\win32u.dll
0x00007ffa2be70000 - 0x00007ffa2c103000 	C:\WINDOWS\WinSxS\amd64_microsoft.windows.common-controls_6595b64144ccf1df_6.0.22621.2506_none_270c5ae97388e100\COMCTL32.dll
0x00007ffa3d610000 - 0x00007ffa3d639000 	C:\WINDOWS\System32\GDI32.dll
0x00007ffa3cea0000 - 0x00007ffa3cfb8000 	C:\WINDOWS\System32\gdi32full.dll
0x00007ffa3cfc0000 - 0x00007ffa3d05a000 	C:\WINDOWS\System32\msvcp_win.dll
0x00007ffa34980000 - 0x00007ffa3498a000 	C:\WINDOWS\SYSTEM32\VERSION.dll
0x00007ffa3eb60000 - 0x00007ffa3eb91000 	C:\WINDOWS\System32\IMM32.DLL
0x00007ffa0b510000 - 0x00007ffa0b51c000 	C:\Program Files\Java\jdk-19\bin\vcruntime140_1.dll
0x00007ff9da560000 - 0x00007ff9da5ee000 	C:\Program Files\Java\jdk-19\bin\msvcp140.dll
0x00007ff9d98a0000 - 0x00007ff9da560000 	C:\Program Files\Java\jdk-19\bin\server\jvm.dll
0x00007ffa27740000 - 0x00007ffa27749000 	C:\WINDOWS\SYSTEM32\WSOCK32.dll
0x00007ffa35390000 - 0x00007ffa353c4000 	C:\WINDOWS\SYSTEM32\WINMM.dll
0x00007ffa3e9e0000 - 0x00007ffa3ea51000 	C:\WINDOWS\System32\WS2_32.dll
0x00007ffa3b680000 - 0x00007ffa3b698000 	C:\WINDOWS\SYSTEM32\kernel.appcore.dll
0x00007ffa0b330000 - 0x00007ffa0b33a000 	C:\Program Files\Java\jdk-19\bin\jimage.dll
0x00007ffa2eef0000 - 0x00007ffa2f123000 	C:\WINDOWS\SYSTEM32\DBGHELP.DLL
0x00007ffa3d140000 - 0x00007ffa3d4c9000 	C:\WINDOWS\System32\combase.dll
0x00007ffa3d060000 - 0x00007ffa3d137000 	C:\WINDOWS\System32\OLEAUT32.dll
0x00007ffa31b80000 - 0x00007ffa31bb2000 	C:\WINDOWS\SYSTEM32\dbgcore.DLL
0x00007ffa3c890000 - 0x00007ffa3c90a000 	C:\WINDOWS\System32\bcryptPrimitives.dll
0x00007ff9d9870000 - 0x00007ff9d9896000 	C:\Program Files\Java\jdk-19\bin\java.dll
0x00007ff9d9790000 - 0x00007ff9d9867000 	C:\Program Files\Java\jdk-19\bin\jsvml.dll
0x00007ffa3ddf0000 - 0x00007ffa3e64a000 	C:\WINDOWS\System32\SHELL32.dll
0x00007ffa3a5a0000 - 0x00007ffa3ae96000 	C:\WINDOWS\SYSTEM32\windows.storage.dll
0x00007ffa3a460000 - 0x00007ffa3a59e000 	C:\WINDOWS\SYSTEM32\wintypes.dll
0x00007ffa3ef00000 - 0x00007ffa3eff3000 	C:\WINDOWS\System32\SHCORE.dll
0x00007ffa3e650000 - 0x00007ffa3e6ae000 	C:\WINDOWS\System32\shlwapi.dll
0x00007ffa3c5b0000 - 0x00007ffa3c5d6000 	C:\WINDOWS\SYSTEM32\profapi.dll
0x00007ff9d92e0000 - 0x00007ff9d92f3000 	C:\Program Files\Java\jdk-19\bin\net.dll
0x00007ffa36120000 - 0x00007ffa36257000 	C:\WINDOWS\SYSTEM32\WINHTTP.dll
0x00007ffa3bb00000 - 0x00007ffa3bb69000 	C:\WINDOWS\system32\mswsock.dll
0x00007ff9d92c0000 - 0x00007ff9d92d6000 	C:\Program Files\Java\jdk-19\bin\nio.dll
0x00007ff9d92a0000 - 0x00007ff9d92b8000 	C:\Program Files\Java\jdk-19\bin\zip.dll
0x00007ff985910000 - 0x00007ff985aa1000 	C:\Program Files\Java\jdk-19\bin\awt.dll
0x00007ffa399f0000 - 0x00007ffa39a87000 	C:\WINDOWS\SYSTEM32\apphelp.dll
0x00007ffa39e10000 - 0x00007ffa39e3b000 	C:\WINDOWS\system32\DWMAPI.DLL
0x00007ffa39bb0000 - 0x00007ffa39c5b000 	C:\WINDOWS\system32\uxtheme.dll
0x00007ff9af160000 - 0x00007ff9af260000 	C:\WINDOWS\system32\opengl32.dll
0x00007ff9adf90000 - 0x00007ff9adfbd000 	C:\WINDOWS\SYSTEM32\GLU32.dll
0x00007ffa39cc0000 - 0x00007ffa39cf6000 	C:\WINDOWS\SYSTEM32\dxcore.dll
0x00007ffa3e6b0000 - 0x00007ffa3e800000 	C:\WINDOWS\System32\MSCTF.dll
0x00007ffa3ed60000 - 0x00007ffa3ef00000 	C:\WINDOWS\System32\ole32.dll
0x00007ffa31e30000 - 0x00007ffa31fd9000 	C:\WINDOWS\system32\d3d9.dll
0x00007ffa33b80000 - 0x00007ffa33d5b000 	C:\WINDOWS\System32\DriverStore\FileRepository\u0371182.inf_amd64_e046f8d87ec91fad\B371034\aticfx64.dll
0x00007ff9aa5c0000 - 0x00007ff9aa5f3000 	C:\WINDOWS\System32\DriverStore\FileRepository\u0371182.inf_amd64_e046f8d87ec91fad\B371034\atiu9p64.dll
0x00007ff9a60e0000 - 0x00007ff9a6dec000 	C:\WINDOWS\System32\DriverStore\FileRepository\u0371182.inf_amd64_e046f8d87ec91fad\B371034\atiumd64.dll
0x00000000612b0000 - 0x000000006216e000 	C:\WINDOWS\System32\DriverStore\FileRepository\u0371182.inf_amd64_e046f8d87ec91fad\B371034\atiumd6a.dll
0x00007ffa3bf20000 - 0x00007ffa3bf48000 	C:\WINDOWS\SYSTEM32\bcrypt.dll
0x00007ffa3c550000 - 0x00007ffa3c59d000 	C:\WINDOWS\SYSTEM32\POWRPROF.dll
0x00007ffa3c530000 - 0x00007ffa3c543000 	C:\WINDOWS\SYSTEM32\UMPDC.dll
0x00007ffa334b0000 - 0x00007ffa334df000 	C:\WINDOWS\SYSTEM32\amdihk64.dll
0x00007ffa36750000 - 0x00007ffa3679a000 	C:\WINDOWS\SYSTEM32\directxdatabasehelper.dll
0x00007ff985de0000 - 0x00007ff985e66000 	C:\Program Files\Java\jdk-19\bin\freetype.dll
0x00007ff985840000 - 0x00007ff985906000 	C:\Program Files\Java\jdk-19\bin\fontmanager.dll
0x00007ffa3eab0000 - 0x00007ffa3eb60000 	C:\WINDOWS\System32\clbcatq.dll
0x00007ffa38030000 - 0x00007ffa381e0000 	C:\WINDOWS\SYSTEM32\WindowsCodecs.dll
0x00007ffa36a10000 - 0x00007ffa36a6e000 	C:\WINDOWS\system32\dataexchange.dll
0x00007ffa36cf0000 - 0x00007ffa36f75000 	C:\WINDOWS\system32\twinapi.appcore.dll
0x00007ffa28450000 - 0x00007ffa2859a000 	C:\WINDOWS\SYSTEM32\textinputframework.dll
0x00007ffa39710000 - 0x00007ffa39843000 	C:\WINDOWS\SYSTEM32\CoreMessaging.dll
0x00007ffa35b10000 - 0x00007ffa35e7c000 	C:\WINDOWS\SYSTEM32\CoreUIComponents.dll
0x00007ffa3bd50000 - 0x00007ffa3bd5c000 	C:\WINDOWS\SYSTEM32\CRYPTBASE.DLL

dbghelp: loaded successfully - version: 4.0.5 - missing functions: none
symbol engine: initialized successfully - sym options: 0x614 - pdb path: .;C:\Program Files\Java\jdk-19\bin;C:\WINDOWS\SYSTEM32;C:\Program Files\Avast Software\Avast;C:\WINDOWS\WinSxS\amd64_microsoft.windows.common-controls_6595b64144ccf1df_6.0.22621.2506_none_270c5ae97388e100;C:\Program Files\Java\jdk-19\bin\server;C:\WINDOWS\System32\DriverStore\FileRepository\u0371182.inf_amd64_e046f8d87ec91fad\B371034

VM Arguments:
jvm_args: -Dfile.encoding=UTF-8 -Dstdout.encoding=UTF-8 -Dstderr.encoding=UTF-8 -XX:+ShowCodeDetailsInExceptionMessages 
java_command: view.main
java_class_path (initial): D:\My Homework\ck\bin;C:\Users\KIM THOA\Downloads\mysql-connector-java-8.0.20.jar
Launcher Type: SUN_STANDARD

[Global flags]
     intx CICompilerCount                          = 4                                         {product} {ergonomic}
     uint ConcGCThreads                            = 3                                         {product} {ergonomic}
     uint G1ConcRefinementThreads                  = 10                                        {product} {ergonomic}
   size_t G1HeapRegionSize                         = 1048576                                   {product} {ergonomic}
    uintx GCDrainStackTargetSize                   = 64                                        {product} {ergonomic}
   size_t InitialHeapSize                          = 123731968                                 {product} {ergonomic}
   size_t MarkStackSize                            = 4194304                                   {product} {ergonomic}
   size_t MaxHeapSize                              = 1971322880                                {product} {ergonomic}
   size_t MaxNewSize                               = 1182793728                                {product} {ergonomic}
   size_t MinHeapDeltaBytes                        = 1048576                                   {product} {ergonomic}
   size_t MinHeapSize                              = 8388608                                   {product} {ergonomic}
    uintx NonNMethodCodeHeapSize                   = 5839372                                {pd product} {ergonomic}
    uintx NonProfiledCodeHeapSize                  = 122909434                              {pd product} {ergonomic}
    uintx ProfiledCodeHeapSize                     = 122909434                              {pd product} {ergonomic}
    uintx ReservedCodeCacheSize                    = 251658240                              {pd product} {ergonomic}
     bool SegmentedCodeCache                       = true                                      {product} {ergonomic}
     bool ShowCodeDetailsInExceptionMessages       = true                                   {manageable} {command line}
   size_t SoftMaxHeapSize                          = 1971322880                             {manageable} {ergonomic}
     bool UseCompressedClassPointers               = true                           {product lp64_product} {ergonomic}
     bool UseCompressedOops                        = true                           {product lp64_product} {ergonomic}
     bool UseG1GC                                  = true                                      {product} {ergonomic}
     bool UseLargePagesIndividualAllocation        = false                                  {pd product} {ergonomic}

Logging:
Log output configuration:
 #0: stdout all=warning uptime,level,tags foldmultilines=false
 #1: stderr all=off uptime,level,tags foldmultilines=false

Environment Variables:
PATH=C:\Program Files\Common Files\Oracle\Java\javapath;C:\Windows\system32;C:\Windows;C:\Windows\System32\Wbem;C:\Windows\System32\WindowsPowerShell\v1.0\;C:\Windows\System32\OpenSSH\;C:\Program Files (x86)\NVIDIA Corporation\PhysX\Common;C:\Program Files\NVIDIA Corporation\NVIDIA NvDLISR;C:\WINDOWS\system32;C:\WINDOWS;C:\WINDOWS\System32\Wbem;C:\WINDOWS\System32\WindowsPowerShell\v1.0\;C:\WINDOWS\System32\OpenSSH\;C:\Program Files (x86)\Microsoft SQL Server\160\Tools\Binn\;C:\Program Files\Microsoft SQL Server\160\Tools\Binn\;C:\Program Files\Microsoft SQL Server\Client SDK\ODBC\170\Tools\Binn\;C:\Program Files\Microsoft SQL Server\160\DTS\Binn\;C:\Program Files (x86)\Microsoft SQL Server\160\DTS\Binn\;C:\Program Files\Azure Data Studio\bin;C:\Users\KIM THOA\AppData\Local\Microsoft\WindowsApps;;C:\Users\KIM THOA\AppData\Local\Programs\Microsoft VS Code\bin;C:\Program Files\Azure Data Studio\bin
USERNAME=KIM THOA
OS=Windows_NT
PROCESSOR_IDENTIFIER=AMD64 Family 23 Model 104 Stepping 1, AuthenticAMD
TMP=C:\Users\KIMTHO~1\AppData\Local\Temp
TEMP=C:\Users\KIMTHO~1\AppData\Local\Temp



---------------  S Y S T E M  ---------------

OS:
 Windows 11 , 64 bit Build 22621 (10.0.22621.2506)
OS uptime: 0 days 3:36 hours

CPU: total 12 (initial active 12) (12 cores per cpu, 2 threads per core) family 23 model 104 stepping 1 microcode 0x0, cx8, cmov, fxsr, ht, mmx, 3dnowpref, sse, sse2, sse3, ssse3, sse4a, sse4.1, sse4.2, popcnt, lzcnt, tsc, tscinvbit, avx, avx2, aes, clmul, bmi1, bmi2, adx, sha, fma, vzeroupper, clflush, clflushopt, rdtscp, rdpid

Memory: 4k page, system-wide physical 7514M (423M free)
TotalPageFile size 25076M (AvailPageFile size 0M)
current process WorkingSet (physical memory assigned to process): 58M, peak: 89M
current process commit charge ("private bytes"): 254M, peak: 258M

vm_info: Java HotSpot(TM) 64-Bit Server VM (19.0.2+7-44) for windows-amd64 JRE (19.0.2+7-44), built on 2022-11-30T18:02:09Z by "mach5one" with MS VC++ 17.1 (VS2022)

END.
